28-Nov-2015 08:25:49.395 INFO [main] org.apache.catalina.startup.VersionLoggerListener.log Server version:        Apache Tomcat/8.0.28
28-Nov-2015 08:25:49.466 INFO [main] org.apache.catalina.startup.VersionLoggerListener.log Server built:          Oct 7 2015 18:25:21 UTC
28-Nov-2015 08:25:49.467 INFO [main] org.apache.catalina.startup.VersionLoggerListener.log Server number:         8.0.28.0
28-Nov-2015 08:25:49.468 INFO [main] org.apache.catalina.startup.VersionLoggerListener.log OS Name:               Linux
28-Nov-2015 08:25:49.468 INFO [main] org.apache.catalina.startup.VersionLoggerListener.log OS Version:            3.10.17-yocto-standard-r2
28-Nov-2015 08:25:49.469 INFO [main] org.apache.catalina.startup.VersionLoggerListener.log Architecture:          i386
28-Nov-2015 08:25:49.470 INFO [main] org.apache.catalina.startup.VersionLoggerListener.log Java Home:             /home/opt/jdk1.8.0_65/jre
28-Nov-2015 08:25:49.471 INFO [main] org.apache.catalina.startup.VersionLoggerListener.log JVM Version:           1.8.0_65-b17
28-Nov-2015 08:25:49.472 INFO [main] org.apache.catalina.startup.VersionLoggerListener.log JVM Vendor:            Oracle Corporation
28-Nov-2015 08:25:49.473 INFO [main] org.apache.catalina.startup.VersionLoggerListener.log CATALINA_BASE:         /home/opt/apache-tomcat-8.0.28
28-Nov-2015 08:25:49.474 INFO [main] org.apache.catalina.startup.VersionLoggerListener.log CATALINA_HOME:         /home/opt/apache-tomcat-8.0.28
28-Nov-2015 08:25:49.476 INFO [main] org.apache.catalina.startup.VersionLoggerListener.log Command line argument: -Djava.util.logging.config.file=/home/opt/apache-tomcat-8.0.28/conf/logging.properties
28-Nov-2015 08:25:49.477 INFO [main] org.apache.catalina.startup.VersionLoggerListener.log Command line argument: -Djava.util.logging.manager=org.apache.juli.ClassLoaderLogManager
28-Nov-2015 08:25:49.477 INFO [main] org.apache.catalina.startup.VersionLoggerListener.log Command line argument: -Djava.endorsed.dirs=/home/opt/apache-tomcat-8.0.28/endorsed
28-Nov-2015 08:25:49.478 INFO [main] org.apache.catalina.startup.VersionLoggerListener.log Command line argument: -Dcatalina.base=/home/opt/apache-tomcat-8.0.28
28-Nov-2015 08:25:49.479 INFO [main] org.apache.catalina.startup.VersionLoggerListener.log Command line argument: -Dcatalina.home=/home/opt/apache-tomcat-8.0.28
28-Nov-2015 08:25:49.480 INFO [main] org.apache.catalina.startup.VersionLoggerListener.log Command line argument: -Djava.io.tmpdir=/home/opt/apache-tomcat-8.0.28/temp
28-Nov-2015 08:25:49.481 INFO [main] org.apache.catalina.core.AprLifecycleListener.lifecycleEvent The APR based Apache Tomcat Native library which allows optimal performance in production environments was not found on the java.library.path: /usr/java/packages/lib/i386:/lib:/usr/lib
28-Nov-2015 08:25:50.927 INFO [main] org.apache.coyote.AbstractProtocol.init Initializing ProtocolHandler ["http-nio-8080"]
28-Nov-2015 08:25:51.292 INFO [main] org.apache.tomcat.util.net.NioSelectorPool.getSharedSelector Using a shared selector for servlet write/read
28-Nov-2015 08:25:51.313 INFO [main] org.apache.coyote.AbstractProtocol.init Initializing ProtocolHandler ["ajp-nio-8009"]
28-Nov-2015 08:25:51.337 INFO [main] org.apache.tomcat.util.net.NioSelectorPool.getSharedSelector Using a shared selector for servlet write/read
28-Nov-2015 08:25:51.339 INFO [main] org.apache.catalina.startup.Catalina.load Initialization processed in 5689 ms
28-Nov-2015 08:25:51.646 INFO [main] org.apache.catalina.core.StandardService.startInternal Starting service Catalina
28-Nov-2015 08:25:51.649 INFO [main] org.apache.catalina.core.StandardEngine.startInternal Starting Servlet Engine: Apache Tomcat/8.0.28
28-Nov-2015 08:25:51.751 INFO [localhost-startStop-1] org.apache.catalina.startup.HostConfig.deployDirectory Deploying web application directory /home/opt/apache-tomcat-8.0.28/webapps/ROOT
28-Nov-2015 08:25:54.954 INFO [localhost-startStop-1] org.apache.jasper.servlet.TldScanner.scanJars At least one JAR was scanned for TLDs yet contained no TLDs. Enable debug logging for this logger for a complete list of JARs that were scanned but no TLDs were found in them. Skipping unneeded JARs during scanning can improve startup time and JSP compilation time.
28-Nov-2015 08:25:55.689 INFO [localhost-startStop-1] org.apache.catalina.startup.HostConfig.deployDirectory Deployment of web application directory /home/opt/apache-tomcat-8.0.28/webapps/ROOT has finished in 3,934 ms
28-Nov-2015 08:25:55.747 INFO [localhost-startStop-1] org.apache.catalina.startup.HostConfig.deployDirectory Deploying web application directory /home/opt/apache-tomcat-8.0.28/webapps/examples
28-Nov-2015 08:25:57.994 INFO [localhost-startStop-1] org.apache.jasper.servlet.TldScanner.scanJars At least one JAR was scanned for TLDs yet contained no TLDs. Enable debug logging for this logger for a complete list of JARs that were scanned but no TLDs were found in them. Skipping unneeded JARs during scanning can improve startup time and JSP compilation time.
28-Nov-2015 08:25:58.306 INFO [localhost-startStop-1] org.apache.catalina.startup.HostConfig.deployDirectory Deployment of web application directory /home/opt/apache-tomcat-8.0.28/webapps/examples has finished in 2,559 ms
28-Nov-2015 08:25:58.307 INFO [localhost-startStop-1] org.apache.catalina.startup.HostConfig.deployDirectory Deploying web application directory /home/opt/apache-tomcat-8.0.28/webapps/manager
28-Nov-2015 08:25:59.173 INFO [localhost-startStop-1] org.apache.jasper.servlet.TldScanner.scanJars At least one JAR was scanned for TLDs yet contained no TLDs. Enable debug logging for this logger for a complete list of JARs that were scanned but no TLDs were found in them. Skipping unneeded JARs during scanning can improve startup time and JSP compilation time.
28-Nov-2015 08:25:59.196 INFO [localhost-startStop-1] org.apache.catalina.startup.HostConfig.deployDirectory Deployment of web application directory /home/opt/apache-tomcat-8.0.28/webapps/manager has finished in 888 ms
28-Nov-2015 08:25:59.198 INFO [localhost-startStop-1] org.apache.catalina.startup.HostConfig.deployDirectory Deploying web application directory /home/opt/apache-tomcat-8.0.28/webapps/host-manager
28-Nov-2015 08:26:00.051 INFO [localhost-startStop-1] org.apache.jasper.servlet.TldScanner.scanJars At least one JAR was scanned for TLDs yet contained no TLDs. Enable debug logging for this logger for a complete list of JARs that were scanned but no TLDs were found in them. Skipping unneeded JARs during scanning can improve startup time and JSP compilation time.
28-Nov-2015 08:26:00.064 INFO [localhost-startStop-1] org.apache.catalina.startup.HostConfig.deployDirectory Deployment of web application directory /home/opt/apache-tomcat-8.0.28/webapps/host-manager has finished in 866 ms
28-Nov-2015 08:26:00.066 INFO [localhost-startStop-1] org.apache.catalina.startup.HostConfig.deployDirectory Deploying web application directory /home/opt/apache-tomcat-8.0.28/webapps/docs
28-Nov-2015 08:26:00.990 INFO [localhost-startStop-1] org.apache.jasper.servlet.TldScanner.scanJars At least one JAR was scanned for TLDs yet contained no TLDs. Enable debug logging for this logger for a complete list of JARs that were scanned but no TLDs were found in them. Skipping unneeded JARs during scanning can improve startup time and JSP compilation time.
28-Nov-2015 08:26:01.053 INFO [localhost-startStop-1] org.apache.catalina.startup.HostConfig.deployDirectory Deployment of web application directory /home/opt/apache-tomcat-8.0.28/webapps/docs has finished in 988 ms
28-Nov-2015 08:26:01.081 INFO [main] org.apache.coyote.AbstractProtocol.start Starting ProtocolHandler ["http-nio-8080"]
28-Nov-2015 08:26:01.126 INFO [main] org.apache.coyote.AbstractProtocol.start Starting ProtocolHandler ["ajp-nio-8009"]
28-Nov-2015 08:26:01.131 INFO [main] org.apache.catalina.startup.Catalina.start Server startup in 9790 ms
28-Nov-2015 08:26:13.577 INFO [main] org.apache.catalina.startup.VersionLoggerListener.log Server version:        Apache Tomcat/8.0.28
28-Nov-2015 08:26:13.596 INFO [main] org.apache.catalina.startup.VersionLoggerListener.log Server built:          Oct 7 2015 18:25:21 UTC
28-Nov-2015 08:26:13.597 INFO [main] org.apache.catalina.startup.VersionLoggerListener.log Server number:         8.0.28.0
28-Nov-2015 08:26:13.598 INFO [main] org.apache.catalina.startup.VersionLoggerListener.log OS Name:               Linux
28-Nov-2015 08:26:13.599 INFO [main] org.apache.catalina.startup.VersionLoggerListener.log OS Version:            3.10.17-yocto-standard-r2
28-Nov-2015 08:26:13.600 INFO [main] org.apache.catalina.startup.VersionLoggerListener.log Architecture:          i386
28-Nov-2015 08:26:13.601 INFO [main] org.apache.catalina.startup.VersionLoggerListener.log Java Home:             /home/opt/jdk1.8.0_65/jre
28-Nov-2015 08:26:13.601 INFO [main] org.apache.catalina.startup.VersionLoggerListener.log JVM Version:           1.8.0_65-b17
28-Nov-2015 08:26:13.602 INFO [main] org.apache.catalina.startup.VersionLoggerListener.log JVM Vendor:            Oracle Corporation
28-Nov-2015 08:26:13.603 INFO [main] org.apache.catalina.startup.VersionLoggerListener.log CATALINA_BASE:         /home/opt/apache-tomcat-8.0.28
28-Nov-2015 08:26:13.604 INFO [main] org.apache.catalina.startup.VersionLoggerListener.log CATALINA_HOME:         /home/opt/apache-tomcat-8.0.28
28-Nov-2015 08:26:13.638 INFO [main] org.apache.catalina.startup.VersionLoggerListener.log Command line argument: -Djava.util.logging.config.file=/home/opt/apache-tomcat-8.0.28/conf/logging.properties
28-Nov-2015 08:26:13.639 INFO [main] org.apache.catalina.startup.VersionLoggerListener.log Command line argument: -Djava.util.logging.manager=org.apache.juli.ClassLoaderLogManager
28-Nov-2015 08:26:13.639 INFO [main] org.apache.catalina.startup.VersionLoggerListener.log Command line argument: -Djava.endorsed.dirs=/home/opt/apache-tomcat-8.0.28/endorsed
28-Nov-2015 08:26:13.640 INFO [main] org.apache.catalina.startup.VersionLoggerListener.log Command line argument: -Dcatalina.base=/home/opt/apache-tomcat-8.0.28
28-Nov-2015 08:26:13.641 INFO [main] org.apache.catalina.startup.VersionLoggerListener.log Command line argument: -Dcatalina.home=/home/opt/apache-tomcat-8.0.28
28-Nov-2015 08:26:13.642 INFO [main] org.apache.catalina.startup.VersionLoggerListener.log Command line argument: -Djava.io.tmpdir=/home/opt/apache-tomcat-8.0.28/temp
28-Nov-2015 08:26:13.643 INFO [main] org.apache.catalina.core.AprLifecycleListener.lifecycleEvent The APR based Apache Tomcat Native library which allows optimal performance in production environments was not found on the java.library.path: /usr/java/packages/lib/i386:/lib:/usr/lib
28-Nov-2015 08:26:15.043 INFO [main] org.apache.coyote.AbstractProtocol.init Initializing ProtocolHandler ["http-nio-8080"]
28-Nov-2015 08:26:15.421 INFO [main] org.apache.tomcat.util.net.NioSelectorPool.getSharedSelector Using a shared selector for servlet write/read
28-Nov-2015 08:26:15.442 INFO [main] org.apache.coyote.AbstractProtocol.init Initializing ProtocolHandler ["ajp-nio-8009"]
28-Nov-2015 08:26:15.494 INFO [main] org.apache.tomcat.util.net.NioSelectorPool.getSharedSelector Using a shared selector for servlet write/read
28-Nov-2015 08:26:15.498 INFO [main] org.apache.catalina.startup.Catalina.load Initialization processed in 4998 ms
28-Nov-2015 08:26:15.711 INFO [main] org.apache.catalina.core.StandardService.startInternal Starting service Catalina
28-Nov-2015 08:26:15.714 INFO [main] org.apache.catalina.core.StandardEngine.startInternal Starting Servlet Engine: Apache Tomcat/8.0.28
28-Nov-2015 08:26:15.817 INFO [localhost-startStop-1] org.apache.catalina.startup.HostConfig.deployDirectory Deploying web application directory /home/opt/apache-tomcat-8.0.28/webapps/ROOT
28-Nov-2015 08:26:19.184 INFO [localhost-startStop-1] org.apache.jasper.servlet.TldScanner.scanJars At least one JAR was scanned for TLDs yet contained no TLDs. Enable debug logging for this logger for a complete list of JARs that were scanned but no TLDs were found in them. Skipping unneeded JARs during scanning can improve startup time and JSP compilation time.
28-Nov-2015 08:26:19.360 INFO [main] org.apache.catalina.startup.VersionLoggerListener.log Server version:        Apache Tomcat/8.0.28
28-Nov-2015 08:26:19.378 INFO [main] org.apache.catalina.startup.VersionLoggerListener.log Server built:          Oct 7 2015 18:25:21 UTC
28-Nov-2015 08:26:19.379 INFO [main] org.apache.catalina.startup.VersionLoggerListener.log Server number:         8.0.28.0
28-Nov-2015 08:26:19.380 INFO [main] org.apache.catalina.startup.VersionLoggerListener.log OS Name:               Linux
28-Nov-2015 08:26:19.381 INFO [main] org.apache.catalina.startup.VersionLoggerListener.log OS Version:            3.10.17-yocto-standard-r2
28-Nov-2015 08:26:19.382 INFO [main] org.apache.catalina.startup.VersionLoggerListener.log Architecture:          i386
28-Nov-2015 08:26:19.387 INFO [main] org.apache.catalina.startup.VersionLoggerListener.log Java Home:             /home/opt/jdk1.8.0_65/jre
28-Nov-2015 08:26:19.397 INFO [main] org.apache.catalina.startup.VersionLoggerListener.log JVM Version:           1.8.0_65-b17
28-Nov-2015 08:26:19.398 INFO [main] org.apache.catalina.startup.VersionLoggerListener.log JVM Vendor:            Oracle Corporation
28-Nov-2015 08:26:19.398 INFO [main] org.apache.catalina.startup.VersionLoggerListener.log CATALINA_BASE:         /home/opt/apache-tomcat-8.0.28
28-Nov-2015 08:26:19.399 INFO [main] org.apache.catalina.startup.VersionLoggerListener.log CATALINA_HOME:         /home/opt/apache-tomcat-8.0.28
28-Nov-2015 08:26:19.401 INFO [main] org.apache.catalina.startup.VersionLoggerListener.log Command line argument: -Djava.util.logging.config.file=/home/opt/apache-tomcat-8.0.28/conf/logging.properties
28-Nov-2015 08:26:19.402 INFO [main] org.apache.catalina.startup.VersionLoggerListener.log Command line argument: -Djava.util.logging.manager=org.apache.juli.ClassLoaderLogManager
28-Nov-2015 08:26:19.403 INFO [main] org.apache.catalina.startup.VersionLoggerListener.log Command line argument: -Djava.endorsed.dirs=/home/opt/apache-tomcat-8.0.28/endorsed
28-Nov-2015 08:26:19.419 INFO [main] org.apache.catalina.startup.VersionLoggerListener.log Command line argument: -Dcatalina.base=/home/opt/apache-tomcat-8.0.28
28-Nov-2015 08:26:19.421 INFO [main] org.apache.catalina.startup.VersionLoggerListener.log Command line argument: -Dcatalina.home=/home/opt/apache-tomcat-8.0.28
28-Nov-2015 08:26:19.423 INFO [main] org.apache.catalina.startup.VersionLoggerListener.log Command line argument: -Djava.io.tmpdir=/home/opt/apache-tomcat-8.0.28/temp
28-Nov-2015 08:26:19.428 INFO [main] org.apache.catalina.core.AprLifecycleListener.lifecycleEvent The APR based Apache Tomcat Native library which allows optimal performance in production environments was not found on the java.library.path: /usr/java/packages/lib/i386:/lib:/usr/lib
28-Nov-2015 08:26:20.600 INFO [main] org.apache.coyote.AbstractProtocol.init Initializing ProtocolHandler ["http-nio-8080"]
28-Nov-2015 08:26:20.836 SEVERE [main] org.apache.coyote.AbstractProtocol.init Failed to initialize end point associated with ProtocolHandler ["http-nio-8080"]
 java.net.BindException: Address already in use
	at sun.nio.ch.Net.bind0(Native Method)
	at sun.nio.ch.Net.bind(Net.java:433)
	at sun.nio.ch.Net.bind(Net.java:425)
	at sun.nio.ch.ServerSocketChannelImpl.bind(ServerSocketChannelImpl.java:223)
	at sun.nio.ch.ServerSocketAdaptor.bind(ServerSocketAdaptor.java:74)
	at org.apache.tomcat.util.net.NioEndpoint.bind(NioEndpoint.java:340)
	at org.apache.tomcat.util.net.AbstractEndpoint.init(AbstractEndpoint.java:742)
	at org.apache.coyote.AbstractProtocol.init(AbstractProtocol.java:457)
	at org.apache.coyote.http11.AbstractHttp11JsseProtocol.init(AbstractHttp11JsseProtocol.java:120)
	at org.apache.catalina.connector.Connector.initInternal(Connector.java:960)
	at org.apache.catalina.util.LifecycleBase.init(LifecycleBase.java:102)
	at org.apache.catalina.core.StandardService.initInternal(StandardService.java:567)
	at org.apache.catalina.util.LifecycleBase.init(LifecycleBase.java:102)
	at org.apache.catalina.core.StandardServer.initInternal(StandardServer.java:851)
	at org.apache.catalina.util.LifecycleBase.init(LifecycleBase.java:102)
	at org.apache.catalina.startup.Catalina.load(Catalina.java:576)
	at org.apache.catalina.startup.Catalina.load(Catalina.java:599)
	at sun.reflect.NativeMethodAccessorImpl.invoke0(Native Method)
	at sun.reflect.NativeMethodAccessorImpl.invoke(NativeMethodAccessorImpl.java:62)
	at sun.reflect.DelegatingMethodAccessorImpl.invoke(DelegatingMethodAccessorImpl.java:43)
	at java.lang.reflect.Method.invoke(Method.java:497)
	at org.apache.catalina.startup.Bootstrap.load(Bootstrap.java:310)
	at org.apache.catalina.startup.Bootstrap.main(Bootstrap.java:484)

28-Nov-2015 08:26:20.847 SEVERE [main] org.apache.catalina.core.StandardService.initInternal Failed to initialize connector [Connector[HTTP/1.1-8080]]
 org.apache.catalina.LifecycleException: Failed to initialize component [Connector[HTTP/1.1-8080]]
	at org.apache.catalina.util.LifecycleBase.init(LifecycleBase.java:106)
	at org.apache.catalina.core.StandardService.initInternal(StandardService.java:567)
	at org.apache.catalina.util.LifecycleBase.init(LifecycleBase.java:102)
	at org.apache.catalina.core.StandardServer.initInternal(StandardServer.java:851)
	at org.apache.catalina.util.LifecycleBase.init(LifecycleBase.java:102)
	at org.apache.catalina.startup.Catalina.load(Catalina.java:576)
	at org.apache.catalina.startup.Catalina.load(Catalina.java:599)
	at sun.reflect.NativeMethodAccessorImpl.invoke0(Native Method)
	at sun.reflect.NativeMethodAccessorImpl.invoke(NativeMethodAccessorImpl.java:62)
	at sun.reflect.DelegatingMethodAccessorImpl.invoke(DelegatingMethodAccessorImpl.java:43)
	at java.lang.reflect.Method.invoke(Method.java:497)
	at org.apache.catalina.startup.Bootstrap.load(Bootstrap.java:310)
	at org.apache.catalina.startup.Bootstrap.main(Bootstrap.java:484)
Caused by: org.apache.catalina.LifecycleException: Protocol handler initialization failed
	at org.apache.catalina.connector.Connector.initInternal(Connector.java:962)
	at org.apache.catalina.util.LifecycleBase.init(LifecycleBase.java:102)
	... 12 more
Caused by: java.net.BindException: Address already in use
	at sun.nio.ch.Net.bind0(Native Method)
	at sun.nio.ch.Net.bind(Net.java:433)
	at sun.nio.ch.Net.bind(Net.java:425)
	at sun.nio.ch.ServerSocketChannelImpl.bind(ServerSocketChannelImpl.java:223)
	at sun.nio.ch.ServerSocketAdaptor.bind(ServerSocketAdaptor.java:74)
	at org.apache.tomcat.util.net.NioEndpoint.bind(NioEndpoint.java:340)
	at org.apache.tomcat.util.net.AbstractEndpoint.init(AbstractEndpoint.java:742)
	at org.apache.coyote.AbstractProtocol.init(AbstractProtocol.java:457)
	at org.apache.coyote.http11.AbstractHttp11JsseProtocol.init(AbstractHttp11JsseProtocol.java:120)
	at org.apache.catalina.connector.Connector.initInternal(Connector.java:960)
	... 13 more

28-Nov-2015 08:26:20.853 INFO [main] org.apache.coyote.AbstractProtocol.init Initializing ProtocolHandler ["ajp-nio-8009"]
28-Nov-2015 08:26:20.876 SEVERE [main] org.apache.coyote.AbstractProtocol.init Failed to initialize end point associated with ProtocolHandler ["ajp-nio-8009"]
 java.net.BindException: Address already in use
	at sun.nio.ch.Net.bind0(Native Method)
	at sun.nio.ch.Net.bind(Net.java:433)
	at sun.nio.ch.Net.bind(Net.java:425)
	at sun.nio.ch.ServerSocketChannelImpl.bind(ServerSocketChannelImpl.java:223)
	at sun.nio.ch.ServerSocketAdaptor.bind(ServerSocketAdaptor.java:74)
	at org.apache.tomcat.util.net.NioEndpoint.bind(NioEndpoint.java:340)
	at org.apache.tomcat.util.net.AbstractEndpoint.init(AbstractEndpoint.java:742)
	at org.apache.coyote.AbstractProtocol.init(AbstractProtocol.java:457)
	at org.apache.catalina.connector.Connector.initInternal(Connector.java:960)
	at org.apache.catalina.util.LifecycleBase.init(LifecycleBase.java:102)
	at org.apache.catalina.core.StandardService.initInternal(StandardService.java:567)
	at org.apache.catalina.util.LifecycleBase.init(LifecycleBase.java:102)
	at org.apache.catalina.core.StandardServer.initInternal(StandardServer.java:851)
	at org.apache.catalina.util.LifecycleBase.init(LifecycleBase.java:102)
	at org.apache.catalina.startup.Catalina.load(Catalina.java:576)
	at org.apache.catalina.startup.Catalina.load(Catalina.java:599)
	at sun.reflect.NativeMethodAccessorImpl.invoke0(Native Method)
	at sun.reflect.NativeMethodAccessorImpl.invoke(NativeMethodAccessorImpl.java:62)
	at sun.reflect.DelegatingMethodAccessorImpl.invoke(DelegatingMethodAccessorImpl.java:43)
	at java.lang.reflect.Method.invoke(Method.java:497)
	at org.apache.catalina.startup.Bootstrap.load(Bootstrap.java:310)
	at org.apache.catalina.startup.Bootstrap.main(Bootstrap.java:484)

28-Nov-2015 08:26:20.878 SEVERE [main] org.apache.catalina.core.StandardService.initInternal Failed to initialize connector [Connector[AJP/1.3-8009]]
 org.apache.catalina.LifecycleException: Failed to initialize component [Connector[AJP/1.3-8009]]
	at org.apache.catalina.util.LifecycleBase.init(LifecycleBase.java:106)
	at org.apache.catalina.core.StandardService.initInternal(StandardService.java:567)
	at org.apache.catalina.util.LifecycleBase.init(LifecycleBase.java:102)
	at org.apache.catalina.core.StandardServer.initInternal(StandardServer.java:851)
	at org.apache.catalina.util.LifecycleBase.init(LifecycleBase.java:102)
	at org.apache.catalina.startup.Catalina.load(Catalina.java:576)
	at org.apache.catalina.startup.Catalina.load(Catalina.java:599)
	at sun.reflect.NativeMethodAccessorImpl.invoke0(Native Method)
	at sun.reflect.NativeMethodAccessorImpl.invoke(NativeMethodAccessorImpl.java:62)
	at sun.reflect.DelegatingMethodAccessorImpl.invoke(DelegatingMethodAccessorImpl.java:43)
	at java.lang.reflect.Method.invoke(Method.java:497)
	at org.apache.catalina.startup.Bootstrap.load(Bootstrap.java:310)
	at org.apache.catalina.startup.Bootstrap.main(Bootstrap.java:484)
Caused by: org.apache.catalina.LifecycleException: Protocol handler initialization failed
	at org.apache.catalina.connector.Connector.initInternal(Connector.java:962)
	at org.apache.catalina.util.LifecycleBase.init(LifecycleBase.java:102)
	... 12 more
Caused by: java.net.BindException: Address already in use
	at sun.nio.ch.Net.bind0(Native Method)
	at sun.nio.ch.Net.bind(Net.java:433)
	at sun.nio.ch.Net.bind(Net.java:425)
	at sun.nio.ch.ServerSocketChannelImpl.bind(ServerSocketChannelImpl.java:223)
	at sun.nio.ch.ServerSocketAdaptor.bind(ServerSocketAdaptor.java:74)
	at org.apache.tomcat.util.net.NioEndpoint.bind(NioEndpoint.java:340)
	at org.apache.tomcat.util.net.AbstractEndpoint.init(AbstractEndpoint.java:742)
	at org.apache.coyote.AbstractProtocol.init(AbstractProtocol.java:457)
	at org.apache.catalina.connector.Connector.initInternal(Connector.java:960)
	... 13 more

28-Nov-2015 08:26:20.882 INFO [main] org.apache.catalina.startup.Catalina.load Initialization processed in 5751 ms
28-Nov-2015 08:26:21.065 INFO [main] org.apache.catalina.core.StandardService.startInternal Starting service Catalina
28-Nov-2015 08:26:21.066 INFO [main] org.apache.catalina.core.StandardEngine.startInternal Starting Servlet Engine: Apache Tomcat/8.0.28
28-Nov-2015 08:26:21.137 INFO [localhost-startStop-1] org.apache.catalina.startup.HostConfig.deployDirectory Deploying web application directory /home/opt/apache-tomcat-8.0.28/webapps/ROOT
28-Nov-2015 08:26:23.819 INFO [localhost-startStop-1] org.apache.jasper.servlet.TldScanner.scanJars At least one JAR was scanned for TLDs yet contained no TLDs. Enable debug logging for this logger for a complete list of JARs that were scanned but no TLDs were found in them. Skipping unneeded JARs during scanning can improve startup time and JSP compilation time.
28-Nov-2015 08:26:51.961 INFO [localhost-startStop-1] org.apache.catalina.util.SessionIdGeneratorBase.createSecureRandom Creation of SecureRandom instance for session ID generation using [SHA1PRNG] took [32,500] milliseconds.
28-Nov-2015 08:26:52.133 INFO [localhost-startStop-1] org.apache.catalina.startup.HostConfig.deployDirectory Deployment of web application directory /home/opt/apache-tomcat-8.0.28/webapps/ROOT has finished in 36,315 ms
28-Nov-2015 08:26:52.136 INFO [localhost-startStop-1] org.apache.catalina.startup.HostConfig.deployDirectory Deploying web application directory /home/opt/apache-tomcat-8.0.28/webapps/examples
28-Nov-2015 08:26:54.400 INFO [localhost-startStop-1] org.apache.jasper.servlet.TldScanner.scanJars At least one JAR was scanned for TLDs yet contained no TLDs. Enable debug logging for this logger for a complete list of JARs that were scanned but no TLDs were found in them. Skipping unneeded JARs during scanning can improve startup time and JSP compilation time.
28-Nov-2015 08:26:54.714 INFO [localhost-startStop-1] org.apache.catalina.startup.HostConfig.deployDirectory Deployment of web application directory /home/opt/apache-tomcat-8.0.28/webapps/examples has finished in 2,578 ms
28-Nov-2015 08:26:54.715 INFO [localhost-startStop-1] org.apache.catalina.startup.HostConfig.deployDirectory Deploying web application directory /home/opt/apache-tomcat-8.0.28/webapps/manager
28-Nov-2015 08:26:55.575 INFO [localhost-startStop-1] org.apache.jasper.servlet.TldScanner.scanJars At least one JAR was scanned for TLDs yet contained no TLDs. Enable debug logging for this logger for a complete list of JARs that were scanned but no TLDs were found in them. Skipping unneeded JARs during scanning can improve startup time and JSP compilation time.
28-Nov-2015 08:26:55.597 INFO [localhost-startStop-1] org.apache.catalina.startup.HostConfig.deployDirectory Deployment of web application directory /home/opt/apache-tomcat-8.0.28/webapps/manager has finished in 881 ms
28-Nov-2015 08:26:55.598 INFO [localhost-startStop-1] org.apache.catalina.startup.HostConfig.deployDirectory Deploying web application directory /home/opt/apache-tomcat-8.0.28/webapps/host-manager
28-Nov-2015 08:26:56.452 INFO [localhost-startStop-1] org.apache.jasper.servlet.TldScanner.scanJars At least one JAR was scanned for TLDs yet contained no TLDs. Enable debug logging for this logger for a complete list of JARs that were scanned but no TLDs were found in them. Skipping unneeded JARs during scanning can improve startup time and JSP compilation time.
28-Nov-2015 08:26:56.464 INFO [localhost-startStop-1] org.apache.catalina.startup.HostConfig.deployDirectory Deployment of web application directory /home/opt/apache-tomcat-8.0.28/webapps/host-manager has finished in 866 ms
28-Nov-2015 08:26:56.465 INFO [localhost-startStop-1] org.apache.catalina.startup.HostConfig.deployDirectory Deploying web application directory /home/opt/apache-tomcat-8.0.28/webapps/docs
28-Nov-2015 08:26:57.374 INFO [localhost-startStop-1] org.apache.jasper.servlet.TldScanner.scanJars At least one JAR was scanned for TLDs yet contained no TLDs. Enable debug logging for this logger for a complete list of JARs that were scanned but no TLDs were found in them. Skipping unneeded JARs during scanning can improve startup time and JSP compilation time.
28-Nov-2015 08:26:57.439 INFO [localhost-startStop-1] org.apache.catalina.startup.HostConfig.deployDirectory Deployment of web application directory /home/opt/apache-tomcat-8.0.28/webapps/docs has finished in 974 ms
28-Nov-2015 08:26:57.463 INFO [main] org.apache.coyote.AbstractProtocol.start Starting ProtocolHandler ["http-nio-8080"]
28-Nov-2015 08:26:57.508 INFO [main] org.apache.coyote.AbstractProtocol.start Starting ProtocolHandler ["ajp-nio-8009"]
28-Nov-2015 08:26:57.513 INFO [main] org.apache.catalina.startup.Catalina.start Server startup in 42013 ms
28-Nov-2015 08:26:59.813 INFO [localhost-startStop-1] org.apache.catalina.util.SessionIdGeneratorBase.createSecureRandom Creation of SecureRandom instance for session ID generation using [SHA1PRNG] took [35,769] milliseconds.
28-Nov-2015 08:27:00.027 INFO [localhost-startStop-1] org.apache.catalina.startup.HostConfig.deployDirectory Deployment of web application directory /home/opt/apache-tomcat-8.0.28/webapps/ROOT has finished in 38,890 ms
28-Nov-2015 08:27:00.029 INFO [localhost-startStop-1] org.apache.catalina.startup.HostConfig.deployDirectory Deploying web application directory /home/opt/apache-tomcat-8.0.28/webapps/examples
28-Nov-2015 08:27:02.494 INFO [localhost-startStop-1] org.apache.jasper.servlet.TldScanner.scanJars At least one JAR was scanned for TLDs yet contained no TLDs. Enable debug logging for this logger for a complete list of JARs that were scanned but no TLDs were found in them. Skipping unneeded JARs during scanning can improve startup time and JSP compilation time.
28-Nov-2015 08:27:02.809 INFO [localhost-startStop-1] org.apache.catalina.startup.HostConfig.deployDirectory Deployment of web application directory /home/opt/apache-tomcat-8.0.28/webapps/examples has finished in 2,779 ms
28-Nov-2015 08:27:02.810 INFO [localhost-startStop-1] org.apache.catalina.startup.HostConfig.deployDirectory Deploying web application directory /home/opt/apache-tomcat-8.0.28/webapps/manager
28-Nov-2015 08:27:03.671 INFO [localhost-startStop-1] org.apache.jasper.servlet.TldScanner.scanJars At least one JAR was scanned for TLDs yet contained no TLDs. Enable debug logging for this logger for a complete list of JARs that were scanned but no TLDs were found in them. Skipping unneeded JARs during scanning can improve startup time and JSP compilation time.
28-Nov-2015 08:27:03.716 INFO [localhost-startStop-1] org.apache.catalina.startup.HostConfig.deployDirectory Deployment of web application directory /home/opt/apache-tomcat-8.0.28/webapps/manager has finished in 906 ms
28-Nov-2015 08:27:03.717 INFO [localhost-startStop-1] org.apache.catalina.startup.HostConfig.deployDirectory Deploying web application directory /home/opt/apache-tomcat-8.0.28/webapps/host-manager
28-Nov-2015 08:27:04.555 INFO [localhost-startStop-1] org.apache.jasper.servlet.TldScanner.scanJars At least one JAR was scanned for TLDs yet contained no TLDs. Enable debug logging for this logger for a complete list of JARs that were scanned but no TLDs were found in them. Skipping unneeded JARs during scanning can improve startup time and JSP compilation time.
28-Nov-2015 08:27:04.568 INFO [localhost-startStop-1] org.apache.catalina.startup.HostConfig.deployDirectory Deployment of web application directory /home/opt/apache-tomcat-8.0.28/webapps/host-manager has finished in 851 ms
28-Nov-2015 08:27:04.569 INFO [localhost-startStop-1] org.apache.catalina.startup.HostConfig.deployDirectory Deploying web application directory /home/opt/apache-tomcat-8.0.28/webapps/docs
28-Nov-2015 08:27:05.529 INFO [localhost-startStop-1] org.apache.jasper.servlet.TldScanner.scanJars At least one JAR was scanned for TLDs yet contained no TLDs. Enable debug logging for this logger for a complete list of JARs that were scanned but no TLDs were found in them. Skipping unneeded JARs during scanning can improve startup time and JSP compilation time.
28-Nov-2015 08:27:05.541 INFO [localhost-startStop-1] org.apache.catalina.startup.HostConfig.deployDirectory Deployment of web application directory /home/opt/apache-tomcat-8.0.28/webapps/docs has finished in 972 ms
28-Nov-2015 08:27:05.567 INFO [main] org.apache.catalina.startup.Catalina.start Server startup in 44684 ms
28-Nov-2015 08:27:05.579 SEVERE [main] org.apache.catalina.core.StandardServer.await StandardServer.await: create[localhost:8005]: 
 java.net.BindException: Address already in use
	at java.net.PlainSocketImpl.socketBind(Native Method)
	at java.net.AbstractPlainSocketImpl.bind(AbstractPlainSocketImpl.java:387)
	at java.net.ServerSocket.bind(ServerSocket.java:375)
	at java.net.ServerSocket.<init>(ServerSocket.java:237)
	at org.apache.catalina.core.StandardServer.await(StandardServer.java:420)
	at org.apache.catalina.startup.Catalina.await(Catalina.java:713)
	at org.apache.catalina.startup.Catalina.start(Catalina.java:659)
	at sun.reflect.NativeMethodAccessorImpl.invoke0(Native Method)
	at sun.reflect.NativeMethodAccessorImpl.invoke(NativeMethodAccessorImpl.java:62)
	at sun.reflect.DelegatingMethodAccessorImpl.invoke(DelegatingMethodAccessorImpl.java:43)
	at java.lang.reflect.Method.invoke(Method.java:497)
	at org.apache.catalina.startup.Bootstrap.start(Bootstrap.java:351)
	at org.apache.catalina.startup.Bootstrap.main(Bootstrap.java:485)

28-Nov-2015 08:27:05.583 INFO [main] org.apache.coyote.AbstractProtocol.pause Pausing ProtocolHandler ["http-nio-8080"]
28-Nov-2015 08:27:05.584 INFO [main] org.apache.coyote.AbstractProtocol.pause Pausing ProtocolHandler ["ajp-nio-8009"]
28-Nov-2015 08:27:05.584 INFO [main] org.apache.catalina.core.StandardService.stopInternal Stopping service Catalina
28-Nov-2015 08:27:05.843 INFO [main] org.apache.coyote.AbstractProtocol.stop Stopping ProtocolHandler ["http-nio-8080"]
28-Nov-2015 08:27:05.844 INFO [main] org.apache.coyote.AbstractProtocol.destroy Destroying ProtocolHandler ["http-nio-8080"]
28-Nov-2015 08:27:05.846 INFO [main] org.apache.coyote.AbstractProtocol.stop Stopping ProtocolHandler ["ajp-nio-8009"]
28-Nov-2015 08:27:05.847 INFO [main] org.apache.coyote.AbstractProtocol.destroy Destroying ProtocolHandler ["ajp-nio-8009"]
28-Nov-2015 08:46:19.390 INFO [main] org.apache.catalina.startup.VersionLoggerListener.log Server version:        Apache Tomcat/8.0.28
28-Nov-2015 08:46:19.454 INFO [main] org.apache.catalina.startup.VersionLoggerListener.log Server built:          Oct 7 2015 18:25:21 UTC
28-Nov-2015 08:46:19.455 INFO [main] org.apache.catalina.startup.VersionLoggerListener.log Server number:         8.0.28.0
28-Nov-2015 08:46:19.456 INFO [main] org.apache.catalina.startup.VersionLoggerListener.log OS Name:               Linux
28-Nov-2015 08:46:19.457 INFO [main] org.apache.catalina.startup.VersionLoggerListener.log OS Version:            3.10.17-yocto-standard-r2
28-Nov-2015 08:46:19.458 INFO [main] org.apache.catalina.startup.VersionLoggerListener.log Architecture:          i386
28-Nov-2015 08:46:19.459 INFO [main] org.apache.catalina.startup.VersionLoggerListener.log Java Home:             /home/opt/jdk1.8.0_65/jre
28-Nov-2015 08:46:19.467 INFO [main] org.apache.catalina.startup.VersionLoggerListener.log JVM Version:           1.8.0_65-b17
28-Nov-2015 08:46:19.468 INFO [main] org.apache.catalina.startup.VersionLoggerListener.log JVM Vendor:            Oracle Corporation
28-Nov-2015 08:46:19.469 INFO [main] org.apache.catalina.startup.VersionLoggerListener.log CATALINA_BASE:         /home/opt/apache-tomcat-8.0.28
28-Nov-2015 08:46:19.470 INFO [main] org.apache.catalina.startup.VersionLoggerListener.log CATALINA_HOME:         /home/opt/apache-tomcat-8.0.28
28-Nov-2015 08:46:19.472 INFO [main] org.apache.catalina.startup.VersionLoggerListener.log Command line argument: -Djava.util.logging.config.file=/home/opt/apache-tomcat-8.0.28/conf/logging.properties
28-Nov-2015 08:46:19.473 INFO [main] org.apache.catalina.startup.VersionLoggerListener.log Command line argument: -Djava.util.logging.manager=org.apache.juli.ClassLoaderLogManager
28-Nov-2015 08:46:19.474 INFO [main] org.apache.catalina.startup.VersionLoggerListener.log Command line argument: -Djava.endorsed.dirs=/home/opt/apache-tomcat-8.0.28/endorsed
28-Nov-2015 08:46:19.475 INFO [main] org.apache.catalina.startup.VersionLoggerListener.log Command line argument: -Dcatalina.base=/home/opt/apache-tomcat-8.0.28
28-Nov-2015 08:46:19.476 INFO [main] org.apache.catalina.startup.VersionLoggerListener.log Command line argument: -Dcatalina.home=/home/opt/apache-tomcat-8.0.28
28-Nov-2015 08:46:19.487 INFO [main] org.apache.catalina.startup.VersionLoggerListener.log Command line argument: -Djava.io.tmpdir=/home/opt/apache-tomcat-8.0.28/temp
28-Nov-2015 08:46:19.488 INFO [main] org.apache.catalina.core.AprLifecycleListener.lifecycleEvent The APR based Apache Tomcat Native library which allows optimal performance in production environments was not found on the java.library.path: /usr/java/packages/lib/i386:/lib:/usr/lib
28-Nov-2015 08:46:20.980 INFO [main] org.apache.coyote.AbstractProtocol.init Initializing ProtocolHandler ["http-nio-8080"]
28-Nov-2015 08:46:21.346 INFO [main] org.apache.tomcat.util.net.NioSelectorPool.getSharedSelector Using a shared selector for servlet write/read
28-Nov-2015 08:46:21.367 INFO [main] org.apache.coyote.AbstractProtocol.init Initializing ProtocolHandler ["ajp-nio-8009"]
28-Nov-2015 08:46:21.391 INFO [main] org.apache.tomcat.util.net.NioSelectorPool.getSharedSelector Using a shared selector for servlet write/read
28-Nov-2015 08:46:21.393 INFO [main] org.apache.catalina.startup.Catalina.load Initialization processed in 5853 ms
28-Nov-2015 08:46:21.683 INFO [main] org.apache.catalina.core.StandardService.startInternal Starting service Catalina
28-Nov-2015 08:46:21.684 INFO [main] org.apache.catalina.core.StandardEngine.startInternal Starting Servlet Engine: Apache Tomcat/8.0.28
28-Nov-2015 08:46:21.838 INFO [localhost-startStop-1] org.apache.catalina.startup.HostConfig.deployDirectory Deploying web application directory /home/opt/apache-tomcat-8.0.28/webapps/ROOT
28-Nov-2015 08:46:25.616 INFO [localhost-startStop-1] org.apache.jasper.servlet.TldScanner.scanJars At least one JAR was scanned for TLDs yet contained no TLDs. Enable debug logging for this logger for a complete list of JARs that were scanned but no TLDs were found in them. Skipping unneeded JARs during scanning can improve startup time and JSP compilation time.
28-Nov-2015 08:46:26.312 INFO [localhost-startStop-1] org.apache.catalina.startup.HostConfig.deployDirectory Deployment of web application directory /home/opt/apache-tomcat-8.0.28/webapps/ROOT has finished in 4,400 ms
28-Nov-2015 08:46:26.314 INFO [localhost-startStop-1] org.apache.catalina.startup.HostConfig.deployDirectory Deploying web application directory /home/opt/apache-tomcat-8.0.28/webapps/examples
28-Nov-2015 08:46:28.826 INFO [localhost-startStop-1] org.apache.jasper.servlet.TldScanner.scanJars At least one JAR was scanned for TLDs yet contained no TLDs. Enable debug logging for this logger for a complete list of JARs that were scanned but no TLDs were found in them. Skipping unneeded JARs during scanning can improve startup time and JSP compilation time.
28-Nov-2015 08:46:29.179 INFO [localhost-startStop-1] org.apache.catalina.startup.HostConfig.deployDirectory Deployment of web application directory /home/opt/apache-tomcat-8.0.28/webapps/examples has finished in 2,866 ms
28-Nov-2015 08:46:29.180 INFO [localhost-startStop-1] org.apache.catalina.startup.HostConfig.deployDirectory Deploying web application directory /home/opt/apache-tomcat-8.0.28/webapps/manager
28-Nov-2015 08:46:30.129 INFO [localhost-startStop-1] org.apache.jasper.servlet.TldScanner.scanJars At least one JAR was scanned for TLDs yet contained no TLDs. Enable debug logging for this logger for a complete list of JARs that were scanned but no TLDs were found in them. Skipping unneeded JARs during scanning can improve startup time and JSP compilation time.
28-Nov-2015 08:46:30.153 INFO [localhost-startStop-1] org.apache.catalina.startup.HostConfig.deployDirectory Deployment of web application directory /home/opt/apache-tomcat-8.0.28/webapps/manager has finished in 972 ms
28-Nov-2015 08:46:30.154 INFO [localhost-startStop-1] org.apache.catalina.startup.HostConfig.deployDirectory Deploying web application directory /home/opt/apache-tomcat-8.0.28/webapps/host-manager
28-Nov-2015 08:46:31.019 INFO [localhost-startStop-1] org.apache.jasper.servlet.TldScanner.scanJars At least one JAR was scanned for TLDs yet contained no TLDs. Enable debug logging for this logger for a complete list of JARs that were scanned but no TLDs were found in them. Skipping unneeded JARs during scanning can improve startup time and JSP compilation time.
28-Nov-2015 08:46:31.034 INFO [localhost-startStop-1] org.apache.catalina.startup.HostConfig.deployDirectory Deployment of web application directory /home/opt/apache-tomcat-8.0.28/webapps/host-manager has finished in 880 ms
28-Nov-2015 08:46:31.035 INFO [localhost-startStop-1] org.apache.catalina.startup.HostConfig.deployDirectory Deploying web application directory /home/opt/apache-tomcat-8.0.28/webapps/docs
28-Nov-2015 08:46:31.992 INFO [localhost-startStop-1] org.apache.jasper.servlet.TldScanner.scanJars At least one JAR was scanned for TLDs yet contained no TLDs. Enable debug logging for this logger for a complete list of JARs that were scanned but no TLDs were found in them. Skipping unneeded JARs during scanning can improve startup time and JSP compilation time.
28-Nov-2015 08:46:32.056 INFO [localhost-startStop-1] org.apache.catalina.startup.HostConfig.deployDirectory Deployment of web application directory /home/opt/apache-tomcat-8.0.28/webapps/docs has finished in 1,021 ms
28-Nov-2015 08:46:32.086 INFO [main] org.apache.coyote.AbstractProtocol.start Starting ProtocolHandler ["http-nio-8080"]
28-Nov-2015 08:46:32.131 INFO [main] org.apache.coyote.AbstractProtocol.start Starting ProtocolHandler ["ajp-nio-8009"]
28-Nov-2015 08:46:32.137 INFO [main] org.apache.catalina.startup.Catalina.start Server startup in 10742 ms
28-Nov-2015 11:29:50.482 INFO [main] org.apache.catalina.startup.VersionLoggerListener.log Server version:        Apache Tomcat/8.0.28
28-Nov-2015 11:29:50.548 INFO [main] org.apache.catalina.startup.VersionLoggerListener.log Server built:          Oct 7 2015 18:25:21 UTC
28-Nov-2015 11:29:50.549 INFO [main] org.apache.catalina.startup.VersionLoggerListener.log Server number:         8.0.28.0
28-Nov-2015 11:29:50.550 INFO [main] org.apache.catalina.startup.VersionLoggerListener.log OS Name:               Linux
28-Nov-2015 11:29:50.552 INFO [main] org.apache.catalina.startup.VersionLoggerListener.log OS Version:            3.10.17-yocto-standard-r2
28-Nov-2015 11:29:50.552 INFO [main] org.apache.catalina.startup.VersionLoggerListener.log Architecture:          i386
28-Nov-2015 11:29:50.553 INFO [main] org.apache.catalina.startup.VersionLoggerListener.log Java Home:             /home/opt/jdk1.8.0_65/jre
28-Nov-2015 11:29:50.554 INFO [main] org.apache.catalina.startup.VersionLoggerListener.log JVM Version:           1.8.0_65-b17
28-Nov-2015 11:29:50.562 INFO [main] org.apache.catalina.startup.VersionLoggerListener.log JVM Vendor:            Oracle Corporation
28-Nov-2015 11:29:50.563 INFO [main] org.apache.catalina.startup.VersionLoggerListener.log CATALINA_BASE:         /home/opt/apache-tomcat-8.0.28
28-Nov-2015 11:29:50.564 INFO [main] org.apache.catalina.startup.VersionLoggerListener.log CATALINA_HOME:         /home/opt/apache-tomcat-8.0.28
28-Nov-2015 11:29:50.566 INFO [main] org.apache.catalina.startup.VersionLoggerListener.log Command line argument: -Djava.util.logging.config.file=/home/opt/apache-tomcat-8.0.28/conf/logging.properties
28-Nov-2015 11:29:50.567 INFO [main] org.apache.catalina.startup.VersionLoggerListener.log Command line argument: -Djava.util.logging.manager=org.apache.juli.ClassLoaderLogManager
28-Nov-2015 11:29:50.568 INFO [main] org.apache.catalina.startup.VersionLoggerListener.log Command line argument: -Djava.endorsed.dirs=/home/opt/apache-tomcat-8.0.28/endorsed
28-Nov-2015 11:29:50.569 INFO [main] org.apache.catalina.startup.VersionLoggerListener.log Command line argument: -Dcatalina.base=/home/opt/apache-tomcat-8.0.28
28-Nov-2015 11:29:50.570 INFO [main] org.apache.catalina.startup.VersionLoggerListener.log Command line argument: -Dcatalina.home=/home/opt/apache-tomcat-8.0.28
28-Nov-2015 11:29:50.570 INFO [main] org.apache.catalina.startup.VersionLoggerListener.log Command line argument: -Djava.io.tmpdir=/home/opt/apache-tomcat-8.0.28/temp
28-Nov-2015 11:29:50.571 INFO [main] org.apache.catalina.core.AprLifecycleListener.lifecycleEvent The APR based Apache Tomcat Native library which allows optimal performance in production environments was not found on the java.library.path: /usr/java/packages/lib/i386:/lib:/usr/lib
28-Nov-2015 11:29:52.068 INFO [main] org.apache.coyote.AbstractProtocol.init Initializing ProtocolHandler ["http-nio-8080"]
28-Nov-2015 11:29:52.439 INFO [main] org.apache.tomcat.util.net.NioSelectorPool.getSharedSelector Using a shared selector for servlet write/read
28-Nov-2015 11:29:52.460 INFO [main] org.apache.coyote.AbstractProtocol.init Initializing ProtocolHandler ["ajp-nio-8009"]
28-Nov-2015 11:29:52.484 INFO [main] org.apache.tomcat.util.net.NioSelectorPool.getSharedSelector Using a shared selector for servlet write/read
28-Nov-2015 11:29:52.486 INFO [main] org.apache.catalina.startup.Catalina.load Initialization processed in 5927 ms
28-Nov-2015 11:29:52.781 INFO [main] org.apache.catalina.core.StandardService.startInternal Starting service Catalina
28-Nov-2015 11:29:52.783 INFO [main] org.apache.catalina.core.StandardEngine.startInternal Starting Servlet Engine: Apache Tomcat/8.0.28
28-Nov-2015 11:29:52.939 INFO [localhost-startStop-1] org.apache.catalina.startup.HostConfig.deployDirectory Deploying web application directory /home/opt/apache-tomcat-8.0.28/webapps/ROOT
28-Nov-2015 11:29:56.593 INFO [localhost-startStop-1] org.apache.jasper.servlet.TldScanner.scanJars At least one JAR was scanned for TLDs yet contained no TLDs. Enable debug logging for this logger for a complete list of JARs that were scanned but no TLDs were found in them. Skipping unneeded JARs during scanning can improve startup time and JSP compilation time.
28-Nov-2015 11:29:57.287 INFO [localhost-startStop-1] org.apache.catalina.startup.HostConfig.deployDirectory Deployment of web application directory /home/opt/apache-tomcat-8.0.28/webapps/ROOT has finished in 4,284 ms
28-Nov-2015 11:29:57.289 INFO [localhost-startStop-1] org.apache.catalina.startup.HostConfig.deployDirectory Deploying web application directory /home/opt/apache-tomcat-8.0.28/webapps/examples
28-Nov-2015 11:29:59.861 INFO [localhost-startStop-1] org.apache.jasper.servlet.TldScanner.scanJars At least one JAR was scanned for TLDs yet contained no TLDs. Enable debug logging for this logger for a complete list of JARs that were scanned but no TLDs were found in them. Skipping unneeded JARs during scanning can improve startup time and JSP compilation time.
28-Nov-2015 11:30:00.225 INFO [localhost-startStop-1] org.apache.catalina.startup.HostConfig.deployDirectory Deployment of web application directory /home/opt/apache-tomcat-8.0.28/webapps/examples has finished in 2,936 ms
28-Nov-2015 11:30:00.226 INFO [localhost-startStop-1] org.apache.catalina.startup.HostConfig.deployDirectory Deploying web application directory /home/opt/apache-tomcat-8.0.28/webapps/manager
28-Nov-2015 11:30:01.163 INFO [localhost-startStop-1] org.apache.jasper.servlet.TldScanner.scanJars At least one JAR was scanned for TLDs yet contained no TLDs. Enable debug logging for this logger for a complete list of JARs that were scanned but no TLDs were found in them. Skipping unneeded JARs during scanning can improve startup time and JSP compilation time.
28-Nov-2015 11:30:01.187 INFO [localhost-startStop-1] org.apache.catalina.startup.HostConfig.deployDirectory Deployment of web application directory /home/opt/apache-tomcat-8.0.28/webapps/manager has finished in 960 ms
28-Nov-2015 11:30:01.189 INFO [localhost-startStop-1] org.apache.catalina.startup.HostConfig.deployDirectory Deploying web application directory /home/opt/apache-tomcat-8.0.28/webapps/host-manager
28-Nov-2015 11:30:02.071 INFO [localhost-startStop-1] org.apache.jasper.servlet.TldScanner.scanJars At least one JAR was scanned for TLDs yet contained no TLDs. Enable debug logging for this logger for a complete list of JARs that were scanned but no TLDs were found in them. Skipping unneeded JARs during scanning can improve startup time and JSP compilation time.
28-Nov-2015 11:30:02.085 INFO [localhost-startStop-1] org.apache.catalina.startup.HostConfig.deployDirectory Deployment of web application directory /home/opt/apache-tomcat-8.0.28/webapps/host-manager has finished in 895 ms
28-Nov-2015 11:30:02.086 INFO [localhost-startStop-1] org.apache.catalina.startup.HostConfig.deployDirectory Deploying web application directory /home/opt/apache-tomcat-8.0.28/webapps/docs
28-Nov-2015 11:30:03.010 INFO [localhost-startStop-1] org.apache.jasper.servlet.TldScanner.scanJars At least one JAR was scanned for TLDs yet contained no TLDs. Enable debug logging for this logger for a complete list of JARs that were scanned but no TLDs were found in them. Skipping unneeded JARs during scanning can improve startup time and JSP compilation time.
28-Nov-2015 11:30:03.070 INFO [localhost-startStop-1] org.apache.catalina.startup.HostConfig.deployDirectory Deployment of web application directory /home/opt/apache-tomcat-8.0.28/webapps/docs has finished in 984 ms
28-Nov-2015 11:30:03.128 INFO [main] org.apache.coyote.AbstractProtocol.start Starting ProtocolHandler ["http-nio-8080"]
28-Nov-2015 11:30:03.183 INFO [main] org.apache.coyote.AbstractProtocol.start Starting ProtocolHandler ["ajp-nio-8009"]
28-Nov-2015 11:30:03.188 INFO [main] org.apache.catalina.startup.Catalina.start Server startup in 10700 ms
