26-Nov-2015 05:34:46.081 INFO [main] org.apache.catalina.startup.VersionLoggerListener.log Server version:        Apache Tomcat/8.0.28
26-Nov-2015 05:34:46.150 INFO [main] org.apache.catalina.startup.VersionLoggerListener.log Server built:          Oct 7 2015 18:25:21 UTC
26-Nov-2015 05:34:46.151 INFO [main] org.apache.catalina.startup.VersionLoggerListener.log Server number:         8.0.28.0
26-Nov-2015 05:34:46.152 INFO [main] org.apache.catalina.startup.VersionLoggerListener.log OS Name:               Linux
26-Nov-2015 05:34:46.153 INFO [main] org.apache.catalina.startup.VersionLoggerListener.log OS Version:            3.10.17-yocto-standard-r2
26-Nov-2015 05:34:46.154 INFO [main] org.apache.catalina.startup.VersionLoggerListener.log Architecture:          i386
26-Nov-2015 05:34:46.154 INFO [main] org.apache.catalina.startup.VersionLoggerListener.log Java Home:             /home/opt/jdk1.8.0_65/jre
26-Nov-2015 05:34:46.159 INFO [main] org.apache.catalina.startup.VersionLoggerListener.log JVM Version:           1.8.0_65-b17
26-Nov-2015 05:34:46.160 INFO [main] org.apache.catalina.startup.VersionLoggerListener.log JVM Vendor:            Oracle Corporation
26-Nov-2015 05:34:46.160 INFO [main] org.apache.catalina.startup.VersionLoggerListener.log CATALINA_BASE:         /home/opt/apache-tomcat-8.0.28
26-Nov-2015 05:34:46.161 INFO [main] org.apache.catalina.startup.VersionLoggerListener.log CATALINA_HOME:         /home/opt/apache-tomcat-8.0.28
26-Nov-2015 05:34:46.163 INFO [main] org.apache.catalina.startup.VersionLoggerListener.log Command line argument: -Djava.util.logging.config.file=/home/opt/apache-tomcat-8.0.28/conf/logging.properties
26-Nov-2015 05:34:46.164 INFO [main] org.apache.catalina.startup.VersionLoggerListener.log Command line argument: -Djava.util.logging.manager=org.apache.juli.ClassLoaderLogManager
26-Nov-2015 05:34:46.165 INFO [main] org.apache.catalina.startup.VersionLoggerListener.log Command line argument: -Djava.endorsed.dirs=/home/opt/apache-tomcat-8.0.28/endorsed
26-Nov-2015 05:34:46.166 INFO [main] org.apache.catalina.startup.VersionLoggerListener.log Command line argument: -Dcatalina.base=/home/opt/apache-tomcat-8.0.28
26-Nov-2015 05:34:46.167 INFO [main] org.apache.catalina.startup.VersionLoggerListener.log Command line argument: -Dcatalina.home=/home/opt/apache-tomcat-8.0.28
26-Nov-2015 05:34:46.167 INFO [main] org.apache.catalina.startup.VersionLoggerListener.log Command line argument: -Djava.io.tmpdir=/home/opt/apache-tomcat-8.0.28/temp
26-Nov-2015 05:34:46.174 INFO [main] org.apache.catalina.core.AprLifecycleListener.lifecycleEvent The APR based Apache Tomcat Native library which allows optimal performance in production environments was not found on the java.library.path: /usr/java/packages/lib/i386:/lib:/usr/lib
26-Nov-2015 05:34:47.563 INFO [main] org.apache.coyote.AbstractProtocol.init Initializing ProtocolHandler ["http-nio-8080"]
26-Nov-2015 05:34:47.916 INFO [main] org.apache.tomcat.util.net.NioSelectorPool.getSharedSelector Using a shared selector for servlet write/read
26-Nov-2015 05:34:47.936 INFO [main] org.apache.coyote.AbstractProtocol.init Initializing ProtocolHandler ["ajp-nio-8009"]
26-Nov-2015 05:34:47.960 INFO [main] org.apache.tomcat.util.net.NioSelectorPool.getSharedSelector Using a shared selector for servlet write/read
26-Nov-2015 05:34:47.962 INFO [main] org.apache.catalina.startup.Catalina.load Initialization processed in 5673 ms
26-Nov-2015 05:34:48.247 INFO [main] org.apache.catalina.core.StandardService.startInternal Starting service Catalina
26-Nov-2015 05:34:48.249 INFO [main] org.apache.catalina.core.StandardEngine.startInternal Starting Servlet Engine: Apache Tomcat/8.0.28
26-Nov-2015 05:34:48.418 INFO [localhost-startStop-1] org.apache.catalina.startup.HostConfig.deployDirectory Deploying web application directory /home/opt/apache-tomcat-8.0.28/webapps/ROOT
26-Nov-2015 05:34:52.190 INFO [localhost-startStop-1] org.apache.jasper.servlet.TldScanner.scanJars At least one JAR was scanned for TLDs yet contained no TLDs. Enable debug logging for this logger for a complete list of JARs that were scanned but no TLDs were found in them. Skipping unneeded JARs during scanning can improve startup time and JSP compilation time.
26-Nov-2015 05:34:52.874 INFO [localhost-startStop-1] org.apache.catalina.startup.HostConfig.deployDirectory Deployment of web application directory /home/opt/apache-tomcat-8.0.28/webapps/ROOT has finished in 4,396 ms
26-Nov-2015 05:34:52.876 INFO [localhost-startStop-1] org.apache.catalina.startup.HostConfig.deployDirectory Deploying web application directory /home/opt/apache-tomcat-8.0.28/webapps/examples
26-Nov-2015 05:34:55.369 INFO [localhost-startStop-1] org.apache.jasper.servlet.TldScanner.scanJars At least one JAR was scanned for TLDs yet contained no TLDs. Enable debug logging for this logger for a complete list of JARs that were scanned but no TLDs were found in them. Skipping unneeded JARs during scanning can improve startup time and JSP compilation time.
26-Nov-2015 05:34:55.731 INFO [localhost-startStop-1] org.apache.catalina.startup.HostConfig.deployDirectory Deployment of web application directory /home/opt/apache-tomcat-8.0.28/webapps/examples has finished in 2,855 ms
26-Nov-2015 05:34:55.732 INFO [localhost-startStop-1] org.apache.catalina.startup.HostConfig.deployDirectory Deploying web application directory /home/opt/apache-tomcat-8.0.28/webapps/manager
26-Nov-2015 05:34:56.669 INFO [localhost-startStop-1] org.apache.jasper.servlet.TldScanner.scanJars At least one JAR was scanned for TLDs yet contained no TLDs. Enable debug logging for this logger for a complete list of JARs that were scanned but no TLDs were found in them. Skipping unneeded JARs during scanning can improve startup time and JSP compilation time.
26-Nov-2015 05:34:56.693 INFO [localhost-startStop-1] org.apache.catalina.startup.HostConfig.deployDirectory Deployment of web application directory /home/opt/apache-tomcat-8.0.28/webapps/manager has finished in 960 ms
26-Nov-2015 05:34:56.695 INFO [localhost-startStop-1] org.apache.catalina.startup.HostConfig.deployDirectory Deploying web application directory /home/opt/apache-tomcat-8.0.28/webapps/host-manager
26-Nov-2015 05:34:57.577 INFO [localhost-startStop-1] org.apache.jasper.servlet.TldScanner.scanJars At least one JAR was scanned for TLDs yet contained no TLDs. Enable debug logging for this logger for a complete list of JARs that were scanned but no TLDs were found in them. Skipping unneeded JARs during scanning can improve startup time and JSP compilation time.
26-Nov-2015 05:34:57.591 INFO [localhost-startStop-1] org.apache.catalina.startup.HostConfig.deployDirectory Deployment of web application directory /home/opt/apache-tomcat-8.0.28/webapps/host-manager has finished in 896 ms
26-Nov-2015 05:34:57.592 INFO [localhost-startStop-1] org.apache.catalina.startup.HostConfig.deployDirectory Deploying web application directory /home/opt/apache-tomcat-8.0.28/webapps/docs
26-Nov-2015 05:34:58.540 INFO [localhost-startStop-1] org.apache.jasper.servlet.TldScanner.scanJars At least one JAR was scanned for TLDs yet contained no TLDs. Enable debug logging for this logger for a complete list of JARs that were scanned but no TLDs were found in them. Skipping unneeded JARs during scanning can improve startup time and JSP compilation time.
26-Nov-2015 05:34:58.596 INFO [localhost-startStop-1] org.apache.catalina.startup.HostConfig.deployDirectory Deployment of web application directory /home/opt/apache-tomcat-8.0.28/webapps/docs has finished in 1,003 ms
26-Nov-2015 05:34:58.625 INFO [main] org.apache.coyote.AbstractProtocol.start Starting ProtocolHandler ["http-nio-8080"]
26-Nov-2015 05:34:58.671 INFO [main] org.apache.coyote.AbstractProtocol.start Starting ProtocolHandler ["ajp-nio-8009"]
26-Nov-2015 05:34:58.675 INFO [main] org.apache.catalina.startup.Catalina.start Server startup in 10712 ms
