20-Nov-2015 02:24:12.197 INFO [main] org.apache.catalina.startup.VersionLoggerListener.log Server version:        Apache Tomcat/8.0.28
20-Nov-2015 02:24:12.209 INFO [main] org.apache.catalina.startup.VersionLoggerListener.log Server built:          Oct 7 2015 18:25:21 UTC
20-Nov-2015 02:24:12.210 INFO [main] org.apache.catalina.startup.VersionLoggerListener.log Server number:         8.0.28.0
20-Nov-2015 02:24:12.211 INFO [main] org.apache.catalina.startup.VersionLoggerListener.log OS Name:               Linux
20-Nov-2015 02:24:12.212 INFO [main] org.apache.catalina.startup.VersionLoggerListener.log OS Version:            3.10.17-yocto-standard-r2
20-Nov-2015 02:24:12.213 INFO [main] org.apache.catalina.startup.VersionLoggerListener.log Architecture:          i386
20-Nov-2015 02:24:12.214 INFO [main] org.apache.catalina.startup.VersionLoggerListener.log Java Home:             /home/opt/jdk1.8.0_65/jre
20-Nov-2015 02:24:12.215 INFO [main] org.apache.catalina.startup.VersionLoggerListener.log JVM Version:           1.8.0_65-b17
20-Nov-2015 02:24:12.215 INFO [main] org.apache.catalina.startup.VersionLoggerListener.log JVM Vendor:            Oracle Corporation
20-Nov-2015 02:24:12.216 INFO [main] org.apache.catalina.startup.VersionLoggerListener.log CATALINA_BASE:         /home/opt/apache-tomcat-8.0.28
20-Nov-2015 02:24:12.217 INFO [main] org.apache.catalina.startup.VersionLoggerListener.log CATALINA_HOME:         /home/opt/apache-tomcat-8.0.28
20-Nov-2015 02:24:12.219 INFO [main] org.apache.catalina.startup.VersionLoggerListener.log Command line argument: -Djava.util.logging.config.file=/home/opt/apache-tomcat-8.0.28/conf/logging.properties
20-Nov-2015 02:24:12.220 INFO [main] org.apache.catalina.startup.VersionLoggerListener.log Command line argument: -Djava.util.logging.manager=org.apache.juli.ClassLoaderLogManager
20-Nov-2015 02:24:12.221 INFO [main] org.apache.catalina.startup.VersionLoggerListener.log Command line argument: -Djava.endorsed.dirs=/home/opt/apache-tomcat-8.0.28/endorsed
20-Nov-2015 02:24:12.222 INFO [main] org.apache.catalina.startup.VersionLoggerListener.log Command line argument: -Dcatalina.base=/home/opt/apache-tomcat-8.0.28
20-Nov-2015 02:24:12.223 INFO [main] org.apache.catalina.startup.VersionLoggerListener.log Command line argument: -Dcatalina.home=/home/opt/apache-tomcat-8.0.28
20-Nov-2015 02:24:12.223 INFO [main] org.apache.catalina.startup.VersionLoggerListener.log Command line argument: -Djava.io.tmpdir=/home/opt/apache-tomcat-8.0.28/temp
20-Nov-2015 02:24:12.224 INFO [main] org.apache.catalina.core.AprLifecycleListener.lifecycleEvent The APR based Apache Tomcat Native library which allows optimal performance in production environments was not found on the java.library.path: /usr/java/packages/lib/i386:/lib:/usr/lib
20-Nov-2015 02:24:13.385 INFO [main] org.apache.coyote.AbstractProtocol.init Initializing ProtocolHandler ["http-nio-8080"]
20-Nov-2015 02:24:13.632 INFO [main] org.apache.tomcat.util.net.NioSelectorPool.getSharedSelector Using a shared selector for servlet write/read
20-Nov-2015 02:24:13.652 INFO [main] org.apache.coyote.AbstractProtocol.init Initializing ProtocolHandler ["ajp-nio-8009"]
20-Nov-2015 02:24:13.677 INFO [main] org.apache.tomcat.util.net.NioSelectorPool.getSharedSelector Using a shared selector for servlet write/read
20-Nov-2015 02:24:13.679 INFO [main] org.apache.catalina.startup.Catalina.load Initialization processed in 4490 ms
20-Nov-2015 02:24:13.863 INFO [main] org.apache.catalina.core.StandardService.startInternal Starting service Catalina
20-Nov-2015 02:24:13.865 INFO [main] org.apache.catalina.core.StandardEngine.startInternal Starting Servlet Engine: Apache Tomcat/8.0.28
20-Nov-2015 02:24:13.961 INFO [localhost-startStop-1] org.apache.catalina.startup.HostConfig.deployDirectory Deploying web application directory /home/opt/apache-tomcat-8.0.28/webapps/ROOT
20-Nov-2015 02:24:16.626 INFO [localhost-startStop-1] org.apache.jasper.servlet.TldScanner.scanJars At least one JAR was scanned for TLDs yet contained no TLDs. Enable debug logging for this logger for a complete list of JARs that were scanned but no TLDs were found in them. Skipping unneeded JARs during scanning can improve startup time and JSP compilation time.
20-Nov-2015 02:24:17.107 INFO [localhost-startStop-1] org.apache.catalina.startup.HostConfig.deployDirectory Deployment of web application directory /home/opt/apache-tomcat-8.0.28/webapps/ROOT has finished in 3,142 ms
20-Nov-2015 02:24:17.109 INFO [localhost-startStop-1] org.apache.catalina.startup.HostConfig.deployDirectory Deploying web application directory /home/opt/apache-tomcat-8.0.28/webapps/examples
20-Nov-2015 02:24:19.349 INFO [localhost-startStop-1] org.apache.jasper.servlet.TldScanner.scanJars At least one JAR was scanned for TLDs yet contained no TLDs. Enable debug logging for this logger for a complete list of JARs that were scanned but no TLDs were found in them. Skipping unneeded JARs during scanning can improve startup time and JSP compilation time.
20-Nov-2015 02:24:19.660 INFO [localhost-startStop-1] org.apache.catalina.startup.HostConfig.deployDirectory Deployment of web application directory /home/opt/apache-tomcat-8.0.28/webapps/examples has finished in 2,551 ms
20-Nov-2015 02:24:19.661 INFO [localhost-startStop-1] org.apache.catalina.startup.HostConfig.deployDirectory Deploying web application directory /home/opt/apache-tomcat-8.0.28/webapps/manager
20-Nov-2015 02:24:20.521 INFO [localhost-startStop-1] org.apache.jasper.servlet.TldScanner.scanJars At least one JAR was scanned for TLDs yet contained no TLDs. Enable debug logging for this logger for a complete list of JARs that were scanned but no TLDs were found in them. Skipping unneeded JARs during scanning can improve startup time and JSP compilation time.
20-Nov-2015 02:24:20.543 INFO [localhost-startStop-1] org.apache.catalina.startup.HostConfig.deployDirectory Deployment of web application directory /home/opt/apache-tomcat-8.0.28/webapps/manager has finished in 881 ms
20-Nov-2015 02:24:20.544 INFO [localhost-startStop-1] org.apache.catalina.startup.HostConfig.deployDirectory Deploying web application directory /home/opt/apache-tomcat-8.0.28/webapps/host-manager
20-Nov-2015 02:24:21.383 INFO [localhost-startStop-1] org.apache.jasper.servlet.TldScanner.scanJars At least one JAR was scanned for TLDs yet contained no TLDs. Enable debug logging for this logger for a complete list of JARs that were scanned but no TLDs were found in them. Skipping unneeded JARs during scanning can improve startup time and JSP compilation time.
20-Nov-2015 02:24:21.395 INFO [localhost-startStop-1] org.apache.catalina.startup.HostConfig.deployDirectory Deployment of web application directory /home/opt/apache-tomcat-8.0.28/webapps/host-manager has finished in 852 ms
20-Nov-2015 02:24:21.396 INFO [localhost-startStop-1] org.apache.catalina.startup.HostConfig.deployDirectory Deploying web application directory /home/opt/apache-tomcat-8.0.28/webapps/docs
20-Nov-2015 02:24:22.333 INFO [localhost-startStop-1] org.apache.jasper.servlet.TldScanner.scanJars At least one JAR was scanned for TLDs yet contained no TLDs. Enable debug logging for this logger for a complete list of JARs that were scanned but no TLDs were found in them. Skipping unneeded JARs during scanning can improve startup time and JSP compilation time.
20-Nov-2015 02:24:22.345 INFO [localhost-startStop-1] org.apache.catalina.startup.HostConfig.deployDirectory Deployment of web application directory /home/opt/apache-tomcat-8.0.28/webapps/docs has finished in 949 ms
20-Nov-2015 02:24:22.378 INFO [main] org.apache.coyote.AbstractProtocol.start Starting ProtocolHandler ["http-nio-8080"]
20-Nov-2015 02:24:22.428 INFO [main] org.apache.coyote.AbstractProtocol.start Starting ProtocolHandler ["ajp-nio-8009"]
20-Nov-2015 02:24:22.433 INFO [main] org.apache.catalina.startup.Catalina.start Server startup in 8752 ms
20-Nov-2015 02:25:14.494 INFO [main] org.apache.catalina.core.StandardServer.await A valid shutdown command was received via the shutdown port. Stopping the Server instance.
20-Nov-2015 02:25:14.498 INFO [main] org.apache.coyote.AbstractProtocol.pause Pausing ProtocolHandler ["http-nio-8080"]
20-Nov-2015 02:25:14.580 INFO [main] org.apache.coyote.AbstractProtocol.pause Pausing ProtocolHandler ["ajp-nio-8009"]
20-Nov-2015 02:25:14.633 INFO [main] org.apache.catalina.core.StandardService.stopInternal Stopping service Catalina
20-Nov-2015 02:25:14.836 INFO [main] org.apache.coyote.AbstractProtocol.stop Stopping ProtocolHandler ["http-nio-8080"]
20-Nov-2015 02:25:14.909 INFO [main] org.apache.coyote.AbstractProtocol.stop Stopping ProtocolHandler ["ajp-nio-8009"]
20-Nov-2015 02:25:14.916 INFO [main] org.apache.coyote.AbstractProtocol.destroy Destroying ProtocolHandler ["http-nio-8080"]
20-Nov-2015 02:25:14.922 INFO [main] org.apache.coyote.AbstractProtocol.destroy Destroying ProtocolHandler ["ajp-nio-8009"]
20-Nov-2015 02:25:20.040 INFO [main] org.apache.catalina.startup.VersionLoggerListener.log Server version:        Apache Tomcat/8.0.28
20-Nov-2015 02:25:20.052 INFO [main] org.apache.catalina.startup.VersionLoggerListener.log Server built:          Oct 7 2015 18:25:21 UTC
20-Nov-2015 02:25:20.053 INFO [main] org.apache.catalina.startup.VersionLoggerListener.log Server number:         8.0.28.0
20-Nov-2015 02:25:20.054 INFO [main] org.apache.catalina.startup.VersionLoggerListener.log OS Name:               Linux
20-Nov-2015 02:25:20.055 INFO [main] org.apache.catalina.startup.VersionLoggerListener.log OS Version:            3.10.17-yocto-standard-r2
20-Nov-2015 02:25:20.056 INFO [main] org.apache.catalina.startup.VersionLoggerListener.log Architecture:          i386
20-Nov-2015 02:25:20.057 INFO [main] org.apache.catalina.startup.VersionLoggerListener.log Java Home:             /home/opt/jdk1.8.0_65/jre
20-Nov-2015 02:25:20.057 INFO [main] org.apache.catalina.startup.VersionLoggerListener.log JVM Version:           1.8.0_65-b17
20-Nov-2015 02:25:20.058 INFO [main] org.apache.catalina.startup.VersionLoggerListener.log JVM Vendor:            Oracle Corporation
20-Nov-2015 02:25:20.059 INFO [main] org.apache.catalina.startup.VersionLoggerListener.log CATALINA_BASE:         /home/opt/apache-tomcat-8.0.28
20-Nov-2015 02:25:20.060 INFO [main] org.apache.catalina.startup.VersionLoggerListener.log CATALINA_HOME:         /home/opt/apache-tomcat-8.0.28
20-Nov-2015 02:25:20.062 INFO [main] org.apache.catalina.startup.VersionLoggerListener.log Command line argument: -Djava.util.logging.config.file=/home/opt/apache-tomcat-8.0.28/conf/logging.properties
20-Nov-2015 02:25:20.063 INFO [main] org.apache.catalina.startup.VersionLoggerListener.log Command line argument: -Djava.util.logging.manager=org.apache.juli.ClassLoaderLogManager
20-Nov-2015 02:25:20.064 INFO [main] org.apache.catalina.startup.VersionLoggerListener.log Command line argument: -Djava.endorsed.dirs=/home/opt/apache-tomcat-8.0.28/endorsed
20-Nov-2015 02:25:20.065 INFO [main] org.apache.catalina.startup.VersionLoggerListener.log Command line argument: -Dcatalina.base=/home/opt/apache-tomcat-8.0.28
20-Nov-2015 02:25:20.066 INFO [main] org.apache.catalina.startup.VersionLoggerListener.log Command line argument: -Dcatalina.home=/home/opt/apache-tomcat-8.0.28
20-Nov-2015 02:25:20.067 INFO [main] org.apache.catalina.startup.VersionLoggerListener.log Command line argument: -Djava.io.tmpdir=/home/opt/apache-tomcat-8.0.28/temp
20-Nov-2015 02:25:20.068 INFO [main] org.apache.catalina.core.AprLifecycleListener.lifecycleEvent The APR based Apache Tomcat Native library which allows optimal performance in production environments was not found on the java.library.path: /usr/java/packages/lib/i386:/lib:/usr/lib
20-Nov-2015 02:25:21.239 INFO [main] org.apache.coyote.AbstractProtocol.init Initializing ProtocolHandler ["http-nio-8080"]
20-Nov-2015 02:25:21.483 INFO [main] org.apache.tomcat.util.net.NioSelectorPool.getSharedSelector Using a shared selector for servlet write/read
20-Nov-2015 02:25:21.503 INFO [main] org.apache.coyote.AbstractProtocol.init Initializing ProtocolHandler ["ajp-nio-8009"]
20-Nov-2015 02:25:21.528 INFO [main] org.apache.tomcat.util.net.NioSelectorPool.getSharedSelector Using a shared selector for servlet write/read
20-Nov-2015 02:25:21.530 INFO [main] org.apache.catalina.startup.Catalina.load Initialization processed in 4555 ms
20-Nov-2015 02:25:21.715 INFO [main] org.apache.catalina.core.StandardService.startInternal Starting service Catalina
20-Nov-2015 02:25:21.716 INFO [main] org.apache.catalina.core.StandardEngine.startInternal Starting Servlet Engine: Apache Tomcat/8.0.28
20-Nov-2015 02:25:21.812 INFO [localhost-startStop-1] org.apache.catalina.startup.HostConfig.deployDirectory Deploying web application directory /home/opt/apache-tomcat-8.0.28/webapps/ROOT
20-Nov-2015 02:25:24.431 INFO [localhost-startStop-1] org.apache.jasper.servlet.TldScanner.scanJars At least one JAR was scanned for TLDs yet contained no TLDs. Enable debug logging for this logger for a complete list of JARs that were scanned but no TLDs were found in them. Skipping unneeded JARs during scanning can improve startup time and JSP compilation time.
20-Nov-2015 02:25:24.913 INFO [localhost-startStop-1] org.apache.catalina.startup.HostConfig.deployDirectory Deployment of web application directory /home/opt/apache-tomcat-8.0.28/webapps/ROOT has finished in 3,097 ms
20-Nov-2015 02:25:24.915 INFO [localhost-startStop-1] org.apache.catalina.startup.HostConfig.deployDirectory Deploying web application directory /home/opt/apache-tomcat-8.0.28/webapps/examples
20-Nov-2015 02:25:27.156 INFO [localhost-startStop-1] org.apache.jasper.servlet.TldScanner.scanJars At least one JAR was scanned for TLDs yet contained no TLDs. Enable debug logging for this logger for a complete list of JARs that were scanned but no TLDs were found in them. Skipping unneeded JARs during scanning can improve startup time and JSP compilation time.
20-Nov-2015 02:25:27.469 INFO [localhost-startStop-1] org.apache.catalina.startup.HostConfig.deployDirectory Deployment of web application directory /home/opt/apache-tomcat-8.0.28/webapps/examples has finished in 2,554 ms
20-Nov-2015 02:25:27.470 INFO [localhost-startStop-1] org.apache.catalina.startup.HostConfig.deployDirectory Deploying web application directory /home/opt/apache-tomcat-8.0.28/webapps/manager
20-Nov-2015 02:25:28.328 INFO [localhost-startStop-1] org.apache.jasper.servlet.TldScanner.scanJars At least one JAR was scanned for TLDs yet contained no TLDs. Enable debug logging for this logger for a complete list of JARs that were scanned but no TLDs were found in them. Skipping unneeded JARs during scanning can improve startup time and JSP compilation time.
20-Nov-2015 02:25:28.351 INFO [localhost-startStop-1] org.apache.catalina.startup.HostConfig.deployDirectory Deployment of web application directory /home/opt/apache-tomcat-8.0.28/webapps/manager has finished in 880 ms
20-Nov-2015 02:25:28.353 INFO [localhost-startStop-1] org.apache.catalina.startup.HostConfig.deployDirectory Deploying web application directory /home/opt/apache-tomcat-8.0.28/webapps/host-manager
20-Nov-2015 02:25:29.179 INFO [localhost-startStop-1] org.apache.jasper.servlet.TldScanner.scanJars At least one JAR was scanned for TLDs yet contained no TLDs. Enable debug logging for this logger for a complete list of JARs that were scanned but no TLDs were found in them. Skipping unneeded JARs during scanning can improve startup time and JSP compilation time.
20-Nov-2015 02:25:29.192 INFO [localhost-startStop-1] org.apache.catalina.startup.HostConfig.deployDirectory Deployment of web application directory /home/opt/apache-tomcat-8.0.28/webapps/host-manager has finished in 839 ms
20-Nov-2015 02:25:29.194 INFO [localhost-startStop-1] org.apache.catalina.startup.HostConfig.deployDirectory Deploying web application directory /home/opt/apache-tomcat-8.0.28/webapps/docs
20-Nov-2015 02:25:30.150 INFO [localhost-startStop-1] org.apache.jasper.servlet.TldScanner.scanJars At least one JAR was scanned for TLDs yet contained no TLDs. Enable debug logging for this logger for a complete list of JARs that were scanned but no TLDs were found in them. Skipping unneeded JARs during scanning can improve startup time and JSP compilation time.
20-Nov-2015 02:25:30.162 INFO [localhost-startStop-1] org.apache.catalina.startup.HostConfig.deployDirectory Deployment of web application directory /home/opt/apache-tomcat-8.0.28/webapps/docs has finished in 968 ms
20-Nov-2015 02:25:30.189 INFO [main] org.apache.coyote.AbstractProtocol.start Starting ProtocolHandler ["http-nio-8080"]
20-Nov-2015 02:25:30.236 INFO [main] org.apache.coyote.AbstractProtocol.start Starting ProtocolHandler ["ajp-nio-8009"]
20-Nov-2015 02:25:30.241 INFO [main] org.apache.catalina.startup.Catalina.start Server startup in 8709 ms
20-Nov-2015 02:30:05.322 INFO [main] org.apache.catalina.core.StandardServer.await A valid shutdown command was received via the shutdown port. Stopping the Server instance.
20-Nov-2015 02:30:05.326 INFO [main] org.apache.coyote.AbstractProtocol.pause Pausing ProtocolHandler ["http-nio-8080"]
20-Nov-2015 02:30:05.330 INFO [main] org.apache.coyote.AbstractProtocol.pause Pausing ProtocolHandler ["ajp-nio-8009"]
20-Nov-2015 02:30:05.333 INFO [main] org.apache.catalina.core.StandardService.stopInternal Stopping service Catalina
20-Nov-2015 02:30:05.382 WARNING [localhost-startStop-2] org.apache.catalina.loader.WebappClassLoaderBase.clearReferencesThreads The web application [ROOT] appears to have started a thread named [Abandoned connection cleanup thread] but has failed to stop it. This is very likely to create a memory leak. Stack trace of thread:
 java.lang.Object.wait(Native Method)
 java.lang.ref.ReferenceQueue.remove(ReferenceQueue.java:143)
 com.mysql.jdbc.AbandonedConnectionCleanupThread.run(AbandonedConnectionCleanupThread.java:43)
20-Nov-2015 02:30:05.565 INFO [main] org.apache.coyote.AbstractProtocol.stop Stopping ProtocolHandler ["http-nio-8080"]
20-Nov-2015 02:30:05.657 INFO [main] org.apache.coyote.AbstractProtocol.stop Stopping ProtocolHandler ["ajp-nio-8009"]
20-Nov-2015 02:30:05.757 INFO [main] org.apache.coyote.AbstractProtocol.destroy Destroying ProtocolHandler ["http-nio-8080"]
20-Nov-2015 02:30:05.764 INFO [main] org.apache.coyote.AbstractProtocol.destroy Destroying ProtocolHandler ["ajp-nio-8009"]
20-Nov-2015 02:33:13.912 INFO [main] org.apache.catalina.startup.VersionLoggerListener.log Server version:        Apache Tomcat/8.0.28
20-Nov-2015 02:33:13.924 INFO [main] org.apache.catalina.startup.VersionLoggerListener.log Server built:          Oct 7 2015 18:25:21 UTC
20-Nov-2015 02:33:13.925 INFO [main] org.apache.catalina.startup.VersionLoggerListener.log Server number:         8.0.28.0
20-Nov-2015 02:33:13.926 INFO [main] org.apache.catalina.startup.VersionLoggerListener.log OS Name:               Linux
20-Nov-2015 02:33:13.927 INFO [main] org.apache.catalina.startup.VersionLoggerListener.log OS Version:            3.10.17-yocto-standard-r2
20-Nov-2015 02:33:13.927 INFO [main] org.apache.catalina.startup.VersionLoggerListener.log Architecture:          i386
20-Nov-2015 02:33:13.928 INFO [main] org.apache.catalina.startup.VersionLoggerListener.log Java Home:             /home/opt/jdk1.8.0_65/jre
20-Nov-2015 02:33:13.929 INFO [main] org.apache.catalina.startup.VersionLoggerListener.log JVM Version:           1.8.0_65-b17
20-Nov-2015 02:33:13.930 INFO [main] org.apache.catalina.startup.VersionLoggerListener.log JVM Vendor:            Oracle Corporation
20-Nov-2015 02:33:13.931 INFO [main] org.apache.catalina.startup.VersionLoggerListener.log CATALINA_BASE:         /home/opt/apache-tomcat-8.0.28
20-Nov-2015 02:33:13.932 INFO [main] org.apache.catalina.startup.VersionLoggerListener.log CATALINA_HOME:         /home/opt/apache-tomcat-8.0.28
20-Nov-2015 02:33:13.934 INFO [main] org.apache.catalina.startup.VersionLoggerListener.log Command line argument: -Djava.util.logging.config.file=/home/opt/apache-tomcat-8.0.28/conf/logging.properties
20-Nov-2015 02:33:13.935 INFO [main] org.apache.catalina.startup.VersionLoggerListener.log Command line argument: -Djava.util.logging.manager=org.apache.juli.ClassLoaderLogManager
20-Nov-2015 02:33:13.936 INFO [main] org.apache.catalina.startup.VersionLoggerListener.log Command line argument: -Djava.endorsed.dirs=/home/opt/apache-tomcat-8.0.28/endorsed
20-Nov-2015 02:33:13.937 INFO [main] org.apache.catalina.startup.VersionLoggerListener.log Command line argument: -Dcatalina.base=/home/opt/apache-tomcat-8.0.28
20-Nov-2015 02:33:13.938 INFO [main] org.apache.catalina.startup.VersionLoggerListener.log Command line argument: -Dcatalina.home=/home/opt/apache-tomcat-8.0.28
20-Nov-2015 02:33:13.939 INFO [main] org.apache.catalina.startup.VersionLoggerListener.log Command line argument: -Djava.io.tmpdir=/home/opt/apache-tomcat-8.0.28/temp
20-Nov-2015 02:33:13.940 INFO [main] org.apache.catalina.core.AprLifecycleListener.lifecycleEvent The APR based Apache Tomcat Native library which allows optimal performance in production environments was not found on the java.library.path: /usr/java/packages/lib/i386:/lib:/usr/lib
20-Nov-2015 02:33:15.176 INFO [main] org.apache.coyote.AbstractProtocol.init Initializing ProtocolHandler ["http-nio-8080"]
20-Nov-2015 02:33:15.443 INFO [main] org.apache.tomcat.util.net.NioSelectorPool.getSharedSelector Using a shared selector for servlet write/read
20-Nov-2015 02:33:15.463 INFO [main] org.apache.coyote.AbstractProtocol.init Initializing ProtocolHandler ["ajp-nio-8009"]
20-Nov-2015 02:33:15.488 INFO [main] org.apache.tomcat.util.net.NioSelectorPool.getSharedSelector Using a shared selector for servlet write/read
20-Nov-2015 02:33:15.490 INFO [main] org.apache.catalina.startup.Catalina.load Initialization processed in 4730 ms
20-Nov-2015 02:33:15.673 INFO [main] org.apache.catalina.core.StandardService.startInternal Starting service Catalina
20-Nov-2015 02:33:15.675 INFO [main] org.apache.catalina.core.StandardEngine.startInternal Starting Servlet Engine: Apache Tomcat/8.0.28
20-Nov-2015 02:33:15.771 INFO [localhost-startStop-1] org.apache.catalina.startup.HostConfig.deployDirectory Deploying web application directory /home/opt/apache-tomcat-8.0.28/webapps/ROOT
20-Nov-2015 02:33:18.405 INFO [localhost-startStop-1] org.apache.jasper.servlet.TldScanner.scanJars At least one JAR was scanned for TLDs yet contained no TLDs. Enable debug logging for this logger for a complete list of JARs that were scanned but no TLDs were found in them. Skipping unneeded JARs during scanning can improve startup time and JSP compilation time.
20-Nov-2015 02:33:18.889 INFO [localhost-startStop-1] org.apache.catalina.startup.HostConfig.deployDirectory Deployment of web application directory /home/opt/apache-tomcat-8.0.28/webapps/ROOT has finished in 3,114 ms
20-Nov-2015 02:33:18.891 INFO [localhost-startStop-1] org.apache.catalina.startup.HostConfig.deployDirectory Deploying web application directory /home/opt/apache-tomcat-8.0.28/webapps/examples
20-Nov-2015 02:33:21.137 INFO [localhost-startStop-1] org.apache.jasper.servlet.TldScanner.scanJars At least one JAR was scanned for TLDs yet contained no TLDs. Enable debug logging for this logger for a complete list of JARs that were scanned but no TLDs were found in them. Skipping unneeded JARs during scanning can improve startup time and JSP compilation time.
20-Nov-2015 02:33:21.449 INFO [localhost-startStop-1] org.apache.catalina.startup.HostConfig.deployDirectory Deployment of web application directory /home/opt/apache-tomcat-8.0.28/webapps/examples has finished in 2,557 ms
20-Nov-2015 02:33:21.450 INFO [localhost-startStop-1] org.apache.catalina.startup.HostConfig.deployDirectory Deploying web application directory /home/opt/apache-tomcat-8.0.28/webapps/manager
20-Nov-2015 02:33:22.313 INFO [localhost-startStop-1] org.apache.jasper.servlet.TldScanner.scanJars At least one JAR was scanned for TLDs yet contained no TLDs. Enable debug logging for this logger for a complete list of JARs that were scanned but no TLDs were found in them. Skipping unneeded JARs during scanning can improve startup time and JSP compilation time.
20-Nov-2015 02:33:22.335 INFO [localhost-startStop-1] org.apache.catalina.startup.HostConfig.deployDirectory Deployment of web application directory /home/opt/apache-tomcat-8.0.28/webapps/manager has finished in 884 ms
20-Nov-2015 02:33:22.336 INFO [localhost-startStop-1] org.apache.catalina.startup.HostConfig.deployDirectory Deploying web application directory /home/opt/apache-tomcat-8.0.28/webapps/host-manager
20-Nov-2015 02:33:23.183 INFO [localhost-startStop-1] org.apache.jasper.servlet.TldScanner.scanJars At least one JAR was scanned for TLDs yet contained no TLDs. Enable debug logging for this logger for a complete list of JARs that were scanned but no TLDs were found in them. Skipping unneeded JARs during scanning can improve startup time and JSP compilation time.
20-Nov-2015 02:33:23.196 INFO [localhost-startStop-1] org.apache.catalina.startup.HostConfig.deployDirectory Deployment of web application directory /home/opt/apache-tomcat-8.0.28/webapps/host-manager has finished in 861 ms
20-Nov-2015 02:33:23.198 INFO [localhost-startStop-1] org.apache.catalina.startup.HostConfig.deployDirectory Deploying web application directory /home/opt/apache-tomcat-8.0.28/webapps/docs
20-Nov-2015 02:33:24.120 INFO [localhost-startStop-1] org.apache.jasper.servlet.TldScanner.scanJars At least one JAR was scanned for TLDs yet contained no TLDs. Enable debug logging for this logger for a complete list of JARs that were scanned but no TLDs were found in them. Skipping unneeded JARs during scanning can improve startup time and JSP compilation time.
20-Nov-2015 02:33:24.131 INFO [localhost-startStop-1] org.apache.catalina.startup.HostConfig.deployDirectory Deployment of web application directory /home/opt/apache-tomcat-8.0.28/webapps/docs has finished in 933 ms
20-Nov-2015 02:33:24.181 INFO [main] org.apache.coyote.AbstractProtocol.start Starting ProtocolHandler ["http-nio-8080"]
20-Nov-2015 02:33:24.228 INFO [main] org.apache.coyote.AbstractProtocol.start Starting ProtocolHandler ["ajp-nio-8009"]
20-Nov-2015 02:33:24.233 INFO [main] org.apache.catalina.startup.Catalina.start Server startup in 8742 ms
20-Nov-2015 02:34:24.279 INFO [Thread-5] org.apache.coyote.AbstractProtocol.pause Pausing ProtocolHandler ["http-nio-8080"]
20-Nov-2015 02:34:24.289 INFO [Thread-5] org.apache.coyote.AbstractProtocol.pause Pausing ProtocolHandler ["ajp-nio-8009"]
20-Nov-2015 02:34:24.294 INFO [Thread-5] org.apache.catalina.core.StandardService.stopInternal Stopping service Catalina
20-Nov-2015 02:34:24.402 WARNING [localhost-startStop-2] org.apache.catalina.loader.WebappClassLoaderBase.clearReferencesThreads The web application [ROOT] appears to have started a thread named [Abandoned connection cleanup thread] but has failed to stop it. This is very likely to create a memory leak. Stack trace of thread:
 java.lang.Object.wait(Native Method)
 java.lang.ref.ReferenceQueue.remove(ReferenceQueue.java:143)
 com.mysql.jdbc.AbandonedConnectionCleanupThread.run(AbandonedConnectionCleanupThread.java:43)
20-Nov-2015 02:34:24.581 INFO [Thread-5] org.apache.coyote.AbstractProtocol.stop Stopping ProtocolHandler ["http-nio-8080"]
20-Nov-2015 02:34:24.590 INFO [Thread-5] org.apache.coyote.AbstractProtocol.stop Stopping ProtocolHandler ["ajp-nio-8009"]
20-Nov-2015 02:34:24.679 INFO [Thread-5] org.apache.coyote.AbstractProtocol.destroy Destroying ProtocolHandler ["http-nio-8080"]
20-Nov-2015 02:34:24.686 INFO [Thread-5] org.apache.coyote.AbstractProtocol.destroy Destroying ProtocolHandler ["ajp-nio-8009"]
20-Nov-2015 02:39:23.824 INFO [main] org.apache.catalina.startup.VersionLoggerListener.log Server version:        Apache Tomcat/8.0.28
20-Nov-2015 02:39:23.889 INFO [main] org.apache.catalina.startup.VersionLoggerListener.log Server built:          Oct 7 2015 18:25:21 UTC
20-Nov-2015 02:39:23.890 INFO [main] org.apache.catalina.startup.VersionLoggerListener.log Server number:         8.0.28.0
20-Nov-2015 02:39:23.891 INFO [main] org.apache.catalina.startup.VersionLoggerListener.log OS Name:               Linux
20-Nov-2015 02:39:23.892 INFO [main] org.apache.catalina.startup.VersionLoggerListener.log OS Version:            3.10.17-yocto-standard-r2
20-Nov-2015 02:39:23.893 INFO [main] org.apache.catalina.startup.VersionLoggerListener.log Architecture:          i386
20-Nov-2015 02:39:23.893 INFO [main] org.apache.catalina.startup.VersionLoggerListener.log Java Home:             /home/opt/jdk1.8.0_65/jre
20-Nov-2015 02:39:23.904 INFO [main] org.apache.catalina.startup.VersionLoggerListener.log JVM Version:           1.8.0_65-b17
20-Nov-2015 02:39:23.905 INFO [main] org.apache.catalina.startup.VersionLoggerListener.log JVM Vendor:            Oracle Corporation
20-Nov-2015 02:39:23.906 INFO [main] org.apache.catalina.startup.VersionLoggerListener.log CATALINA_BASE:         /home/opt/apache-tomcat-8.0.28
20-Nov-2015 02:39:23.907 INFO [main] org.apache.catalina.startup.VersionLoggerListener.log CATALINA_HOME:         /home/opt/apache-tomcat-8.0.28
20-Nov-2015 02:39:23.909 INFO [main] org.apache.catalina.startup.VersionLoggerListener.log Command line argument: -Djava.util.logging.config.file=/home/opt/apache-tomcat-8.0.28/conf/logging.properties
20-Nov-2015 02:39:23.910 INFO [main] org.apache.catalina.startup.VersionLoggerListener.log Command line argument: -Djava.util.logging.manager=org.apache.juli.ClassLoaderLogManager
20-Nov-2015 02:39:23.911 INFO [main] org.apache.catalina.startup.VersionLoggerListener.log Command line argument: -Djava.endorsed.dirs=/home/opt/apache-tomcat-8.0.28/endorsed
20-Nov-2015 02:39:23.912 INFO [main] org.apache.catalina.startup.VersionLoggerListener.log Command line argument: -Dcatalina.base=/home/opt/apache-tomcat-8.0.28
20-Nov-2015 02:39:23.913 INFO [main] org.apache.catalina.startup.VersionLoggerListener.log Command line argument: -Dcatalina.home=/home/opt/apache-tomcat-8.0.28
20-Nov-2015 02:39:23.914 INFO [main] org.apache.catalina.startup.VersionLoggerListener.log Command line argument: -Djava.io.tmpdir=/home/opt/apache-tomcat-8.0.28/temp
20-Nov-2015 02:39:23.924 INFO [main] org.apache.catalina.core.AprLifecycleListener.lifecycleEvent The APR based Apache Tomcat Native library which allows optimal performance in production environments was not found on the java.library.path: /usr/java/packages/lib/i386:/lib:/usr/lib
20-Nov-2015 02:39:25.381 INFO [main] org.apache.coyote.AbstractProtocol.init Initializing ProtocolHandler ["http-nio-8080"]
20-Nov-2015 02:39:25.739 INFO [main] org.apache.tomcat.util.net.NioSelectorPool.getSharedSelector Using a shared selector for servlet write/read
20-Nov-2015 02:39:25.759 INFO [main] org.apache.coyote.AbstractProtocol.init Initializing ProtocolHandler ["ajp-nio-8009"]
20-Nov-2015 02:39:25.783 INFO [main] org.apache.tomcat.util.net.NioSelectorPool.getSharedSelector Using a shared selector for servlet write/read
20-Nov-2015 02:39:25.795 INFO [main] org.apache.catalina.startup.Catalina.load Initialization processed in 5800 ms
20-Nov-2015 02:39:26.103 INFO [main] org.apache.catalina.core.StandardService.startInternal Starting service Catalina
20-Nov-2015 02:39:26.104 INFO [main] org.apache.catalina.core.StandardEngine.startInternal Starting Servlet Engine: Apache Tomcat/8.0.28
20-Nov-2015 02:39:26.265 INFO [localhost-startStop-1] org.apache.catalina.startup.HostConfig.deployDirectory Deploying web application directory /home/opt/apache-tomcat-8.0.28/webapps/ROOT
20-Nov-2015 02:39:30.044 INFO [localhost-startStop-1] org.apache.jasper.servlet.TldScanner.scanJars At least one JAR was scanned for TLDs yet contained no TLDs. Enable debug logging for this logger for a complete list of JARs that were scanned but no TLDs were found in them. Skipping unneeded JARs during scanning can improve startup time and JSP compilation time.
20-Nov-2015 02:39:30.674 INFO [localhost-startStop-1] org.apache.catalina.startup.HostConfig.deployDirectory Deployment of web application directory /home/opt/apache-tomcat-8.0.28/webapps/ROOT has finished in 4,405 ms
20-Nov-2015 02:39:30.676 INFO [localhost-startStop-1] org.apache.catalina.startup.HostConfig.deployDirectory Deploying web application directory /home/opt/apache-tomcat-8.0.28/webapps/examples
20-Nov-2015 02:39:33.220 INFO [localhost-startStop-1] org.apache.jasper.servlet.TldScanner.scanJars At least one JAR was scanned for TLDs yet contained no TLDs. Enable debug logging for this logger for a complete list of JARs that were scanned but no TLDs were found in them. Skipping unneeded JARs during scanning can improve startup time and JSP compilation time.
20-Nov-2015 02:39:33.577 INFO [localhost-startStop-1] org.apache.catalina.startup.HostConfig.deployDirectory Deployment of web application directory /home/opt/apache-tomcat-8.0.28/webapps/examples has finished in 2,900 ms
20-Nov-2015 02:39:33.578 INFO [localhost-startStop-1] org.apache.catalina.startup.HostConfig.deployDirectory Deploying web application directory /home/opt/apache-tomcat-8.0.28/webapps/manager
20-Nov-2015 02:39:34.495 INFO [localhost-startStop-1] org.apache.jasper.servlet.TldScanner.scanJars At least one JAR was scanned for TLDs yet contained no TLDs. Enable debug logging for this logger for a complete list of JARs that were scanned but no TLDs were found in them. Skipping unneeded JARs during scanning can improve startup time and JSP compilation time.
20-Nov-2015 02:39:34.540 INFO [localhost-startStop-1] org.apache.catalina.startup.HostConfig.deployDirectory Deployment of web application directory /home/opt/apache-tomcat-8.0.28/webapps/manager has finished in 962 ms
20-Nov-2015 02:39:34.542 INFO [localhost-startStop-1] org.apache.catalina.startup.HostConfig.deployDirectory Deploying web application directory /home/opt/apache-tomcat-8.0.28/webapps/host-manager
20-Nov-2015 02:39:35.415 INFO [localhost-startStop-1] org.apache.jasper.servlet.TldScanner.scanJars At least one JAR was scanned for TLDs yet contained no TLDs. Enable debug logging for this logger for a complete list of JARs that were scanned but no TLDs were found in them. Skipping unneeded JARs during scanning can improve startup time and JSP compilation time.
20-Nov-2015 02:39:35.429 INFO [localhost-startStop-1] org.apache.catalina.startup.HostConfig.deployDirectory Deployment of web application directory /home/opt/apache-tomcat-8.0.28/webapps/host-manager has finished in 886 ms
20-Nov-2015 02:39:35.431 INFO [localhost-startStop-1] org.apache.catalina.startup.HostConfig.deployDirectory Deploying web application directory /home/opt/apache-tomcat-8.0.28/webapps/docs
20-Nov-2015 02:39:36.393 INFO [localhost-startStop-1] org.apache.jasper.servlet.TldScanner.scanJars At least one JAR was scanned for TLDs yet contained no TLDs. Enable debug logging for this logger for a complete list of JARs that were scanned but no TLDs were found in them. Skipping unneeded JARs during scanning can improve startup time and JSP compilation time.
20-Nov-2015 02:39:36.453 INFO [localhost-startStop-1] org.apache.catalina.startup.HostConfig.deployDirectory Deployment of web application directory /home/opt/apache-tomcat-8.0.28/webapps/docs has finished in 1,022 ms
20-Nov-2015 02:39:36.480 INFO [main] org.apache.coyote.AbstractProtocol.start Starting ProtocolHandler ["http-nio-8080"]
20-Nov-2015 02:39:36.525 INFO [main] org.apache.coyote.AbstractProtocol.start Starting ProtocolHandler ["ajp-nio-8009"]
20-Nov-2015 02:39:36.530 INFO [main] org.apache.catalina.startup.Catalina.start Server startup in 10734 ms
20-Nov-2015 02:52:39.923 INFO [main] org.apache.catalina.core.StandardServer.await A valid shutdown command was received via the shutdown port. Stopping the Server instance.
20-Nov-2015 02:52:39.927 INFO [main] org.apache.coyote.AbstractProtocol.pause Pausing ProtocolHandler ["http-nio-8080"]
20-Nov-2015 02:52:40.048 INFO [main] org.apache.coyote.AbstractProtocol.pause Pausing ProtocolHandler ["ajp-nio-8009"]
20-Nov-2015 02:52:40.101 INFO [main] org.apache.catalina.core.StandardService.stopInternal Stopping service Catalina
20-Nov-2015 02:52:40.362 INFO [main] org.apache.coyote.AbstractProtocol.stop Stopping ProtocolHandler ["http-nio-8080"]
20-Nov-2015 02:52:40.370 INFO [main] org.apache.coyote.AbstractProtocol.stop Stopping ProtocolHandler ["ajp-nio-8009"]
20-Nov-2015 02:52:40.475 INFO [main] org.apache.coyote.AbstractProtocol.destroy Destroying ProtocolHandler ["http-nio-8080"]
20-Nov-2015 02:52:40.481 INFO [main] org.apache.coyote.AbstractProtocol.destroy Destroying ProtocolHandler ["ajp-nio-8009"]
20-Nov-2015 02:52:45.421 INFO [main] org.apache.catalina.startup.VersionLoggerListener.log Server version:        Apache Tomcat/8.0.28
20-Nov-2015 02:52:45.433 INFO [main] org.apache.catalina.startup.VersionLoggerListener.log Server built:          Oct 7 2015 18:25:21 UTC
20-Nov-2015 02:52:45.478 INFO [main] org.apache.catalina.startup.VersionLoggerListener.log Server number:         8.0.28.0
20-Nov-2015 02:52:45.480 INFO [main] org.apache.catalina.startup.VersionLoggerListener.log OS Name:               Linux
20-Nov-2015 02:52:45.480 INFO [main] org.apache.catalina.startup.VersionLoggerListener.log OS Version:            3.10.17-yocto-standard-r2
20-Nov-2015 02:52:45.481 INFO [main] org.apache.catalina.startup.VersionLoggerListener.log Architecture:          i386
20-Nov-2015 02:52:45.482 INFO [main] org.apache.catalina.startup.VersionLoggerListener.log Java Home:             /home/opt/jdk1.8.0_65/jre
20-Nov-2015 02:52:45.485 INFO [main] org.apache.catalina.startup.VersionLoggerListener.log JVM Version:           1.8.0_65-b17
20-Nov-2015 02:52:45.485 INFO [main] org.apache.catalina.startup.VersionLoggerListener.log JVM Vendor:            Oracle Corporation
20-Nov-2015 02:52:45.486 INFO [main] org.apache.catalina.startup.VersionLoggerListener.log CATALINA_BASE:         /home/opt/apache-tomcat-8.0.28
20-Nov-2015 02:52:45.487 INFO [main] org.apache.catalina.startup.VersionLoggerListener.log CATALINA_HOME:         /home/opt/apache-tomcat-8.0.28
20-Nov-2015 02:52:45.489 INFO [main] org.apache.catalina.startup.VersionLoggerListener.log Command line argument: -Djava.util.logging.config.file=/home/opt/apache-tomcat-8.0.28/conf/logging.properties
20-Nov-2015 02:52:45.490 INFO [main] org.apache.catalina.startup.VersionLoggerListener.log Command line argument: -Djava.util.logging.manager=org.apache.juli.ClassLoaderLogManager
20-Nov-2015 02:52:45.491 INFO [main] org.apache.catalina.startup.VersionLoggerListener.log Command line argument: -Djava.endorsed.dirs=/home/opt/apache-tomcat-8.0.28/endorsed
20-Nov-2015 02:52:45.492 INFO [main] org.apache.catalina.startup.VersionLoggerListener.log Command line argument: -Dcatalina.base=/home/opt/apache-tomcat-8.0.28
20-Nov-2015 02:52:45.493 INFO [main] org.apache.catalina.startup.VersionLoggerListener.log Command line argument: -Dcatalina.home=/home/opt/apache-tomcat-8.0.28
20-Nov-2015 02:52:45.493 INFO [main] org.apache.catalina.startup.VersionLoggerListener.log Command line argument: -Djava.io.tmpdir=/home/opt/apache-tomcat-8.0.28/temp
20-Nov-2015 02:52:45.500 INFO [main] org.apache.catalina.core.AprLifecycleListener.lifecycleEvent The APR based Apache Tomcat Native library which allows optimal performance in production environments was not found on the java.library.path: /usr/java/packages/lib/i386:/lib:/usr/lib
20-Nov-2015 02:52:46.656 INFO [main] org.apache.coyote.AbstractProtocol.init Initializing ProtocolHandler ["http-nio-8080"]
20-Nov-2015 02:52:46.901 INFO [main] org.apache.tomcat.util.net.NioSelectorPool.getSharedSelector Using a shared selector for servlet write/read
20-Nov-2015 02:52:46.922 INFO [main] org.apache.coyote.AbstractProtocol.init Initializing ProtocolHandler ["ajp-nio-8009"]
20-Nov-2015 02:52:46.946 INFO [main] org.apache.tomcat.util.net.NioSelectorPool.getSharedSelector Using a shared selector for servlet write/read
20-Nov-2015 02:52:46.948 INFO [main] org.apache.catalina.startup.Catalina.load Initialization processed in 4552 ms
20-Nov-2015 02:52:47.131 INFO [main] org.apache.catalina.core.StandardService.startInternal Starting service Catalina
20-Nov-2015 02:52:47.133 INFO [main] org.apache.catalina.core.StandardEngine.startInternal Starting Servlet Engine: Apache Tomcat/8.0.28
20-Nov-2015 02:52:47.229 INFO [localhost-startStop-1] org.apache.catalina.startup.HostConfig.deployDirectory Deploying web application directory /home/opt/apache-tomcat-8.0.28/webapps/ROOT
20-Nov-2015 02:52:49.881 INFO [localhost-startStop-1] org.apache.jasper.servlet.TldScanner.scanJars At least one JAR was scanned for TLDs yet contained no TLDs. Enable debug logging for this logger for a complete list of JARs that were scanned but no TLDs were found in them. Skipping unneeded JARs during scanning can improve startup time and JSP compilation time.
20-Nov-2015 02:52:50.363 INFO [localhost-startStop-1] org.apache.catalina.startup.HostConfig.deployDirectory Deployment of web application directory /home/opt/apache-tomcat-8.0.28/webapps/ROOT has finished in 3,130 ms
20-Nov-2015 02:52:50.366 INFO [localhost-startStop-1] org.apache.catalina.startup.HostConfig.deployDirectory Deploying web application directory /home/opt/apache-tomcat-8.0.28/webapps/examples
20-Nov-2015 02:52:52.613 INFO [localhost-startStop-1] org.apache.jasper.servlet.TldScanner.scanJars At least one JAR was scanned for TLDs yet contained no TLDs. Enable debug logging for this logger for a complete list of JARs that were scanned but no TLDs were found in them. Skipping unneeded JARs during scanning can improve startup time and JSP compilation time.
20-Nov-2015 02:52:52.925 INFO [localhost-startStop-1] org.apache.catalina.startup.HostConfig.deployDirectory Deployment of web application directory /home/opt/apache-tomcat-8.0.28/webapps/examples has finished in 2,560 ms
20-Nov-2015 02:52:52.926 INFO [localhost-startStop-1] org.apache.catalina.startup.HostConfig.deployDirectory Deploying web application directory /home/opt/apache-tomcat-8.0.28/webapps/manager
20-Nov-2015 02:52:53.783 INFO [localhost-startStop-1] org.apache.jasper.servlet.TldScanner.scanJars At least one JAR was scanned for TLDs yet contained no TLDs. Enable debug logging for this logger for a complete list of JARs that were scanned but no TLDs were found in them. Skipping unneeded JARs during scanning can improve startup time and JSP compilation time.
20-Nov-2015 02:52:53.805 INFO [localhost-startStop-1] org.apache.catalina.startup.HostConfig.deployDirectory Deployment of web application directory /home/opt/apache-tomcat-8.0.28/webapps/manager has finished in 878 ms
20-Nov-2015 02:52:53.806 INFO [localhost-startStop-1] org.apache.catalina.startup.HostConfig.deployDirectory Deploying web application directory /home/opt/apache-tomcat-8.0.28/webapps/host-manager
20-Nov-2015 02:52:54.642 INFO [localhost-startStop-1] org.apache.jasper.servlet.TldScanner.scanJars At least one JAR was scanned for TLDs yet contained no TLDs. Enable debug logging for this logger for a complete list of JARs that were scanned but no TLDs were found in them. Skipping unneeded JARs during scanning can improve startup time and JSP compilation time.
20-Nov-2015 02:52:54.654 INFO [localhost-startStop-1] org.apache.catalina.startup.HostConfig.deployDirectory Deployment of web application directory /home/opt/apache-tomcat-8.0.28/webapps/host-manager has finished in 849 ms
20-Nov-2015 02:52:54.655 INFO [localhost-startStop-1] org.apache.catalina.startup.HostConfig.deployDirectory Deploying web application directory /home/opt/apache-tomcat-8.0.28/webapps/docs
20-Nov-2015 02:52:55.598 INFO [localhost-startStop-1] org.apache.jasper.servlet.TldScanner.scanJars At least one JAR was scanned for TLDs yet contained no TLDs. Enable debug logging for this logger for a complete list of JARs that were scanned but no TLDs were found in them. Skipping unneeded JARs during scanning can improve startup time and JSP compilation time.
20-Nov-2015 02:52:55.609 INFO [localhost-startStop-1] org.apache.catalina.startup.HostConfig.deployDirectory Deployment of web application directory /home/opt/apache-tomcat-8.0.28/webapps/docs has finished in 953 ms
20-Nov-2015 02:52:55.662 INFO [main] org.apache.coyote.AbstractProtocol.start Starting ProtocolHandler ["http-nio-8080"]
20-Nov-2015 02:52:55.709 INFO [main] org.apache.coyote.AbstractProtocol.start Starting ProtocolHandler ["ajp-nio-8009"]
20-Nov-2015 02:52:55.713 INFO [main] org.apache.catalina.startup.Catalina.start Server startup in 8763 ms
20-Nov-2015 04:36:39.016 INFO [main] org.apache.catalina.core.StandardServer.await A valid shutdown command was received via the shutdown port. Stopping the Server instance.
20-Nov-2015 04:36:39.021 INFO [main] org.apache.coyote.AbstractProtocol.pause Pausing ProtocolHandler ["http-nio-8080"]
20-Nov-2015 04:36:39.025 INFO [main] org.apache.coyote.AbstractProtocol.pause Pausing ProtocolHandler ["ajp-nio-8009"]
20-Nov-2015 04:36:39.028 INFO [main] org.apache.catalina.core.StandardService.stopInternal Stopping service Catalina
20-Nov-2015 04:36:39.077 WARNING [localhost-startStop-2] org.apache.catalina.loader.WebappClassLoaderBase.clearReferencesThreads The web application [ROOT] appears to have started a thread named [Abandoned connection cleanup thread] but has failed to stop it. This is very likely to create a memory leak. Stack trace of thread:
 java.lang.Object.wait(Native Method)
 java.lang.ref.ReferenceQueue.remove(ReferenceQueue.java:143)
 com.mysql.jdbc.AbandonedConnectionCleanupThread.run(AbandonedConnectionCleanupThread.java:43)
20-Nov-2015 04:36:39.259 INFO [main] org.apache.coyote.AbstractProtocol.stop Stopping ProtocolHandler ["http-nio-8080"]
20-Nov-2015 04:36:39.271 INFO [main] org.apache.coyote.AbstractProtocol.stop Stopping ProtocolHandler ["ajp-nio-8009"]
20-Nov-2015 04:36:39.282 INFO [main] org.apache.coyote.AbstractProtocol.destroy Destroying ProtocolHandler ["http-nio-8080"]
20-Nov-2015 04:36:39.289 INFO [main] org.apache.coyote.AbstractProtocol.destroy Destroying ProtocolHandler ["ajp-nio-8009"]
20-Nov-2015 04:36:44.523 INFO [main] org.apache.catalina.startup.VersionLoggerListener.log Server version:        Apache Tomcat/8.0.28
20-Nov-2015 04:36:44.535 INFO [main] org.apache.catalina.startup.VersionLoggerListener.log Server built:          Oct 7 2015 18:25:21 UTC
20-Nov-2015 04:36:44.601 INFO [main] org.apache.catalina.startup.VersionLoggerListener.log Server number:         8.0.28.0
20-Nov-2015 04:36:44.602 INFO [main] org.apache.catalina.startup.VersionLoggerListener.log OS Name:               Linux
20-Nov-2015 04:36:44.603 INFO [main] org.apache.catalina.startup.VersionLoggerListener.log OS Version:            3.10.17-yocto-standard-r2
20-Nov-2015 04:36:44.603 INFO [main] org.apache.catalina.startup.VersionLoggerListener.log Architecture:          i386
20-Nov-2015 04:36:44.604 INFO [main] org.apache.catalina.startup.VersionLoggerListener.log Java Home:             /home/opt/jdk1.8.0_65/jre
20-Nov-2015 04:36:44.614 INFO [main] org.apache.catalina.startup.VersionLoggerListener.log JVM Version:           1.8.0_65-b17
20-Nov-2015 04:36:44.615 INFO [main] org.apache.catalina.startup.VersionLoggerListener.log JVM Vendor:            Oracle Corporation
20-Nov-2015 04:36:44.616 INFO [main] org.apache.catalina.startup.VersionLoggerListener.log CATALINA_BASE:         /home/opt/apache-tomcat-8.0.28
20-Nov-2015 04:36:44.617 INFO [main] org.apache.catalina.startup.VersionLoggerListener.log CATALINA_HOME:         /home/opt/apache-tomcat-8.0.28
20-Nov-2015 04:36:44.619 INFO [main] org.apache.catalina.startup.VersionLoggerListener.log Command line argument: -Djava.util.logging.config.file=/home/opt/apache-tomcat-8.0.28/conf/logging.properties
20-Nov-2015 04:36:44.620 INFO [main] org.apache.catalina.startup.VersionLoggerListener.log Command line argument: -Djava.util.logging.manager=org.apache.juli.ClassLoaderLogManager
20-Nov-2015 04:36:44.620 INFO [main] org.apache.catalina.startup.VersionLoggerListener.log Command line argument: -Djava.endorsed.dirs=/home/opt/apache-tomcat-8.0.28/endorsed
20-Nov-2015 04:36:44.621 INFO [main] org.apache.catalina.startup.VersionLoggerListener.log Command line argument: -Dcatalina.base=/home/opt/apache-tomcat-8.0.28
20-Nov-2015 04:36:44.622 INFO [main] org.apache.catalina.startup.VersionLoggerListener.log Command line argument: -Dcatalina.home=/home/opt/apache-tomcat-8.0.28
20-Nov-2015 04:36:44.623 INFO [main] org.apache.catalina.startup.VersionLoggerListener.log Command line argument: -Djava.io.tmpdir=/home/opt/apache-tomcat-8.0.28/temp
20-Nov-2015 04:36:44.624 INFO [main] org.apache.catalina.core.AprLifecycleListener.lifecycleEvent The APR based Apache Tomcat Native library which allows optimal performance in production environments was not found on the java.library.path: /usr/java/packages/lib/i386:/lib:/usr/lib
20-Nov-2015 04:36:45.788 INFO [main] org.apache.coyote.AbstractProtocol.init Initializing ProtocolHandler ["http-nio-8080"]
20-Nov-2015 04:36:46.042 INFO [main] org.apache.tomcat.util.net.NioSelectorPool.getSharedSelector Using a shared selector for servlet write/read
20-Nov-2015 04:36:46.063 INFO [main] org.apache.coyote.AbstractProtocol.init Initializing ProtocolHandler ["ajp-nio-8009"]
20-Nov-2015 04:36:46.088 INFO [main] org.apache.tomcat.util.net.NioSelectorPool.getSharedSelector Using a shared selector for servlet write/read
20-Nov-2015 04:36:46.090 INFO [main] org.apache.catalina.startup.Catalina.load Initialization processed in 4594 ms
20-Nov-2015 04:36:46.274 INFO [main] org.apache.catalina.core.StandardService.startInternal Starting service Catalina
20-Nov-2015 04:36:46.276 INFO [main] org.apache.catalina.core.StandardEngine.startInternal Starting Servlet Engine: Apache Tomcat/8.0.28
20-Nov-2015 04:36:46.371 INFO [localhost-startStop-1] org.apache.catalina.startup.HostConfig.deployDirectory Deploying web application directory /home/opt/apache-tomcat-8.0.28/webapps/ROOT
20-Nov-2015 04:36:49.029 INFO [localhost-startStop-1] org.apache.jasper.servlet.TldScanner.scanJars At least one JAR was scanned for TLDs yet contained no TLDs. Enable debug logging for this logger for a complete list of JARs that were scanned but no TLDs were found in them. Skipping unneeded JARs during scanning can improve startup time and JSP compilation time.
20-Nov-2015 04:36:49.516 INFO [localhost-startStop-1] org.apache.catalina.startup.HostConfig.deployDirectory Deployment of web application directory /home/opt/apache-tomcat-8.0.28/webapps/ROOT has finished in 3,141 ms
20-Nov-2015 04:36:49.518 INFO [localhost-startStop-1] org.apache.catalina.startup.HostConfig.deployDirectory Deploying web application directory /home/opt/apache-tomcat-8.0.28/webapps/examples
20-Nov-2015 04:36:51.756 INFO [localhost-startStop-1] org.apache.jasper.servlet.TldScanner.scanJars At least one JAR was scanned for TLDs yet contained no TLDs. Enable debug logging for this logger for a complete list of JARs that were scanned but no TLDs were found in them. Skipping unneeded JARs during scanning can improve startup time and JSP compilation time.
20-Nov-2015 04:36:52.073 INFO [localhost-startStop-1] org.apache.catalina.startup.HostConfig.deployDirectory Deployment of web application directory /home/opt/apache-tomcat-8.0.28/webapps/examples has finished in 2,554 ms
20-Nov-2015 04:36:52.074 INFO [localhost-startStop-1] org.apache.catalina.startup.HostConfig.deployDirectory Deploying web application directory /home/opt/apache-tomcat-8.0.28/webapps/manager
20-Nov-2015 04:36:52.937 INFO [localhost-startStop-1] org.apache.jasper.servlet.TldScanner.scanJars At least one JAR was scanned for TLDs yet contained no TLDs. Enable debug logging for this logger for a complete list of JARs that were scanned but no TLDs were found in them. Skipping unneeded JARs during scanning can improve startup time and JSP compilation time.
20-Nov-2015 04:36:52.960 INFO [localhost-startStop-1] org.apache.catalina.startup.HostConfig.deployDirectory Deployment of web application directory /home/opt/apache-tomcat-8.0.28/webapps/manager has finished in 886 ms
20-Nov-2015 04:36:52.962 INFO [localhost-startStop-1] org.apache.catalina.startup.HostConfig.deployDirectory Deploying web application directory /home/opt/apache-tomcat-8.0.28/webapps/host-manager
20-Nov-2015 04:36:53.803 INFO [localhost-startStop-1] org.apache.jasper.servlet.TldScanner.scanJars At least one JAR was scanned for TLDs yet contained no TLDs. Enable debug logging for this logger for a complete list of JARs that were scanned but no TLDs were found in them. Skipping unneeded JARs during scanning can improve startup time and JSP compilation time.
20-Nov-2015 04:36:53.816 INFO [localhost-startStop-1] org.apache.catalina.startup.HostConfig.deployDirectory Deployment of web application directory /home/opt/apache-tomcat-8.0.28/webapps/host-manager has finished in 854 ms
20-Nov-2015 04:36:53.817 INFO [localhost-startStop-1] org.apache.catalina.startup.HostConfig.deployDirectory Deploying web application directory /home/opt/apache-tomcat-8.0.28/webapps/docs
20-Nov-2015 04:36:54.737 INFO [localhost-startStop-1] org.apache.jasper.servlet.TldScanner.scanJars At least one JAR was scanned for TLDs yet contained no TLDs. Enable debug logging for this logger for a complete list of JARs that were scanned but no TLDs were found in them. Skipping unneeded JARs during scanning can improve startup time and JSP compilation time.
20-Nov-2015 04:36:54.748 INFO [localhost-startStop-1] org.apache.catalina.startup.HostConfig.deployDirectory Deployment of web application directory /home/opt/apache-tomcat-8.0.28/webapps/docs has finished in 930 ms
20-Nov-2015 04:36:54.798 INFO [main] org.apache.coyote.AbstractProtocol.start Starting ProtocolHandler ["http-nio-8080"]
20-Nov-2015 04:36:54.845 INFO [main] org.apache.coyote.AbstractProtocol.start Starting ProtocolHandler ["ajp-nio-8009"]
20-Nov-2015 04:36:54.850 INFO [main] org.apache.catalina.startup.Catalina.start Server startup in 8758 ms
